[2024-06-16T06:30:56.457+0000] {processor.py:161} INFO - Started process (PID=8779) to work on /opt/airflow/dags/random_api_request_w.py
[2024-06-16T06:30:56.458+0000] {processor.py:830} INFO - Processing file /opt/airflow/dags/random_api_request_w.py for tasks to queue
[2024-06-16T06:30:56.460+0000] {logging_mixin.py:188} INFO - [2024-06-16T06:30:56.459+0000] {dagbag.py:545} INFO - Filling up the DagBag from /opt/airflow/dags/random_api_request_w.py
[2024-06-16T06:31:05.602+0000] {logging_mixin.py:188} INFO - [2024-06-16T06:31:05.592+0000] {dagbag.py:355} ERROR - Failed to import: /opt/airflow/dags/random_api_request_w.py
Traceback (most recent call last):
  File "/home/airflow/.local/lib/python3.12/site-packages/urllib3/connection.py", line 198, in _new_conn
    sock = connection.create_connection(
           ^^^^^^^^^^^^^^^^^^^^^^^^^^^^^
  File "/home/airflow/.local/lib/python3.12/site-packages/urllib3/util/connection.py", line 60, in create_connection
    for res in socket.getaddrinfo(host, port, family, socket.SOCK_STREAM):
               ^^^^^^^^^^^^^^^^^^^^^^^^^^^^^^^^^^^^^^^^^^^^^^^^^^^^^^^^^^
  File "/usr/local/lib/python3.12/socket.py", line 963, in getaddrinfo
    for res in _socket.getaddrinfo(host, port, family, type, proto, flags):
               ^^^^^^^^^^^^^^^^^^^^^^^^^^^^^^^^^^^^^^^^^^^^^^^^^^^^^^^^^^^
socket.gaierror: [Errno -3] Temporary failure in name resolution

The above exception was the direct cause of the following exception:

Traceback (most recent call last):
  File "/home/airflow/.local/lib/python3.12/site-packages/urllib3/connectionpool.py", line 793, in urlopen
    response = self._make_request(
               ^^^^^^^^^^^^^^^^^^^
  File "/home/airflow/.local/lib/python3.12/site-packages/urllib3/connectionpool.py", line 491, in _make_request
    raise new_e
  File "/home/airflow/.local/lib/python3.12/site-packages/urllib3/connectionpool.py", line 467, in _make_request
    self._validate_conn(conn)
  File "/home/airflow/.local/lib/python3.12/site-packages/urllib3/connectionpool.py", line 1099, in _validate_conn
    conn.connect()
  File "/home/airflow/.local/lib/python3.12/site-packages/urllib3/connection.py", line 616, in connect
    self.sock = sock = self._new_conn()
                       ^^^^^^^^^^^^^^^^
  File "/home/airflow/.local/lib/python3.12/site-packages/urllib3/connection.py", line 205, in _new_conn
    raise NameResolutionError(self.host, self, e) from e
urllib3.exceptions.NameResolutionError: <urllib3.connection.HTTPSConnection object at 0x7f40afbbf410>: Failed to resolve 'randomuser.me' ([Errno -3] Temporary failure in name resolution)

The above exception was the direct cause of the following exception:

Traceback (most recent call last):
  File "/home/airflow/.local/lib/python3.12/site-packages/requests/adapters.py", line 486, in send
    resp = conn.urlopen(
           ^^^^^^^^^^^^^
  File "/home/airflow/.local/lib/python3.12/site-packages/urllib3/connectionpool.py", line 847, in urlopen
    retries = retries.increment(
              ^^^^^^^^^^^^^^^^^^
  File "/home/airflow/.local/lib/python3.12/site-packages/urllib3/util/retry.py", line 515, in increment
    raise MaxRetryError(_pool, url, reason) from reason  # type: ignore[arg-type]
    ^^^^^^^^^^^^^^^^^^^^^^^^^^^^^^^^^^^^^^^^^^^^^^^^^^^
urllib3.exceptions.MaxRetryError: HTTPSConnectionPool(host='randomuser.me', port=443): Max retries exceeded with url: /api/ (Caused by NameResolutionError("<urllib3.connection.HTTPSConnection object at 0x7f40afbbf410>: Failed to resolve 'randomuser.me' ([Errno -3] Temporary failure in name resolution)"))

During handling of the above exception, another exception occurred:

Traceback (most recent call last):
  File "/home/airflow/.local/lib/python3.12/site-packages/airflow/models/dagbag.py", line 351, in parse
    loader.exec_module(new_module)
  File "<frozen importlib._bootstrap_external>", line 995, in exec_module
  File "<frozen importlib._bootstrap>", line 488, in _call_with_frames_removed
  File "/opt/airflow/dags/random_api_request_w.py", line 57, in <module>
    data_run = transform()
               ^^^^^^^^^^^
  File "/opt/airflow/dags/random_api_request_w.py", line 33, in transform
    json_data = stream_data()
                ^^^^^^^^^^^^^
  File "/opt/airflow/dags/random_api_request_w.py", line 26, in stream_data
    resp = get_request() # Fetching data from the API
           ^^^^^^^^^^^^^
  File "/opt/airflow/dags/random_api_request_w.py", line 14, in get_request
    response = requests.get(url) # Making a GET request
               ^^^^^^^^^^^^^^^^^
  File "/home/airflow/.local/lib/python3.12/site-packages/requests/api.py", line 73, in get
    return request("get", url, params=params, **kwargs)
           ^^^^^^^^^^^^^^^^^^^^^^^^^^^^^^^^^^^^^^^^^^^^
  File "/home/airflow/.local/lib/python3.12/site-packages/requests/api.py", line 59, in request
    return session.request(method=method, url=url, **kwargs)
           ^^^^^^^^^^^^^^^^^^^^^^^^^^^^^^^^^^^^^^^^^^^^^^^^^
  File "/home/airflow/.local/lib/python3.12/site-packages/requests/sessions.py", line 589, in request
    resp = self.send(prep, **send_kwargs)
           ^^^^^^^^^^^^^^^^^^^^^^^^^^^^^^
  File "/home/airflow/.local/lib/python3.12/site-packages/requests/sessions.py", line 703, in send
    r = adapter.send(request, **kwargs)
        ^^^^^^^^^^^^^^^^^^^^^^^^^^^^^^^
  File "/home/airflow/.local/lib/python3.12/site-packages/requests/adapters.py", line 519, in send
    raise ConnectionError(e, request=request)
requests.exceptions.ConnectionError: HTTPSConnectionPool(host='randomuser.me', port=443): Max retries exceeded with url: /api/ (Caused by NameResolutionError("<urllib3.connection.HTTPSConnection object at 0x7f40afbbf410>: Failed to resolve 'randomuser.me' ([Errno -3] Temporary failure in name resolution)"))
[2024-06-16T06:31:06.243+0000] {processor.py:842} WARNING - No viable dags retrieved from /opt/airflow/dags/random_api_request_w.py
[2024-06-16T06:31:09.256+0000] {processor.py:183} INFO - Processing /opt/airflow/dags/random_api_request_w.py took 12.808 seconds
[2024-06-16T06:31:43.562+0000] {processor.py:161} INFO - Started process (PID=8821) to work on /opt/airflow/dags/random_api_request_w.py
[2024-06-16T06:31:43.565+0000] {processor.py:830} INFO - Processing file /opt/airflow/dags/random_api_request_w.py for tasks to queue
[2024-06-16T06:31:43.566+0000] {logging_mixin.py:188} INFO - [2024-06-16T06:31:43.566+0000] {dagbag.py:545} INFO - Filling up the DagBag from /opt/airflow/dags/random_api_request_w.py
[2024-06-16T06:31:57.930+0000] {logging_mixin.py:188} INFO - [2024-06-16T06:31:57.425+0000] {dagbag.py:355} ERROR - Failed to import: /opt/airflow/dags/random_api_request_w.py
Traceback (most recent call last):
  File "/home/airflow/.local/lib/python3.12/site-packages/urllib3/connection.py", line 198, in _new_conn
    sock = connection.create_connection(
           ^^^^^^^^^^^^^^^^^^^^^^^^^^^^^
  File "/home/airflow/.local/lib/python3.12/site-packages/urllib3/util/connection.py", line 60, in create_connection
    for res in socket.getaddrinfo(host, port, family, socket.SOCK_STREAM):
               ^^^^^^^^^^^^^^^^^^^^^^^^^^^^^^^^^^^^^^^^^^^^^^^^^^^^^^^^^^
  File "/usr/local/lib/python3.12/socket.py", line 963, in getaddrinfo
    for res in _socket.getaddrinfo(host, port, family, type, proto, flags):
               ^^^^^^^^^^^^^^^^^^^^^^^^^^^^^^^^^^^^^^^^^^^^^^^^^^^^^^^^^^^
socket.gaierror: [Errno -3] Temporary failure in name resolution

The above exception was the direct cause of the following exception:

Traceback (most recent call last):
  File "/home/airflow/.local/lib/python3.12/site-packages/urllib3/connectionpool.py", line 793, in urlopen
    response = self._make_request(
               ^^^^^^^^^^^^^^^^^^^
  File "/home/airflow/.local/lib/python3.12/site-packages/urllib3/connectionpool.py", line 491, in _make_request
    raise new_e
  File "/home/airflow/.local/lib/python3.12/site-packages/urllib3/connectionpool.py", line 467, in _make_request
    self._validate_conn(conn)
  File "/home/airflow/.local/lib/python3.12/site-packages/urllib3/connectionpool.py", line 1099, in _validate_conn
    conn.connect()
  File "/home/airflow/.local/lib/python3.12/site-packages/urllib3/connection.py", line 616, in connect
    self.sock = sock = self._new_conn()
                       ^^^^^^^^^^^^^^^^
  File "/home/airflow/.local/lib/python3.12/site-packages/urllib3/connection.py", line 205, in _new_conn
    raise NameResolutionError(self.host, self, e) from e
urllib3.exceptions.NameResolutionError: <urllib3.connection.HTTPSConnection object at 0x7f40afcac9b0>: Failed to resolve 'randomuser.me' ([Errno -3] Temporary failure in name resolution)

The above exception was the direct cause of the following exception:

Traceback (most recent call last):
  File "/home/airflow/.local/lib/python3.12/site-packages/requests/adapters.py", line 486, in send
    resp = conn.urlopen(
           ^^^^^^^^^^^^^
  File "/home/airflow/.local/lib/python3.12/site-packages/urllib3/connectionpool.py", line 847, in urlopen
    retries = retries.increment(
              ^^^^^^^^^^^^^^^^^^
  File "/home/airflow/.local/lib/python3.12/site-packages/urllib3/util/retry.py", line 515, in increment
    raise MaxRetryError(_pool, url, reason) from reason  # type: ignore[arg-type]
    ^^^^^^^^^^^^^^^^^^^^^^^^^^^^^^^^^^^^^^^^^^^^^^^^^^^
urllib3.exceptions.MaxRetryError: HTTPSConnectionPool(host='randomuser.me', port=443): Max retries exceeded with url: /api/ (Caused by NameResolutionError("<urllib3.connection.HTTPSConnection object at 0x7f40afcac9b0>: Failed to resolve 'randomuser.me' ([Errno -3] Temporary failure in name resolution)"))

During handling of the above exception, another exception occurred:

Traceback (most recent call last):
  File "/home/airflow/.local/lib/python3.12/site-packages/airflow/models/dagbag.py", line 351, in parse
    loader.exec_module(new_module)
  File "<frozen importlib._bootstrap_external>", line 995, in exec_module
  File "<frozen importlib._bootstrap>", line 488, in _call_with_frames_removed
  File "/opt/airflow/dags/random_api_request_w.py", line 57, in <module>
    data_run = transform()
               ^^^^^^^^^^^
  File "/opt/airflow/dags/random_api_request_w.py", line 33, in transform
    json_data = stream_data()
                ^^^^^^^^^^^^^
  File "/opt/airflow/dags/random_api_request_w.py", line 26, in stream_data
    resp = get_request() # Fetching data from the API
           ^^^^^^^^^^^^^
  File "/opt/airflow/dags/random_api_request_w.py", line 14, in get_request
    response = requests.get(url) # Making a GET request
               ^^^^^^^^^^^^^^^^^
  File "/home/airflow/.local/lib/python3.12/site-packages/requests/api.py", line 73, in get
    return request("get", url, params=params, **kwargs)
           ^^^^^^^^^^^^^^^^^^^^^^^^^^^^^^^^^^^^^^^^^^^^
  File "/home/airflow/.local/lib/python3.12/site-packages/requests/api.py", line 59, in request
    return session.request(method=method, url=url, **kwargs)
           ^^^^^^^^^^^^^^^^^^^^^^^^^^^^^^^^^^^^^^^^^^^^^^^^^
  File "/home/airflow/.local/lib/python3.12/site-packages/requests/sessions.py", line 589, in request
    resp = self.send(prep, **send_kwargs)
           ^^^^^^^^^^^^^^^^^^^^^^^^^^^^^^
  File "/home/airflow/.local/lib/python3.12/site-packages/requests/sessions.py", line 703, in send
    r = adapter.send(request, **kwargs)
        ^^^^^^^^^^^^^^^^^^^^^^^^^^^^^^^
  File "/home/airflow/.local/lib/python3.12/site-packages/requests/adapters.py", line 519, in send
    raise ConnectionError(e, request=request)
requests.exceptions.ConnectionError: HTTPSConnectionPool(host='randomuser.me', port=443): Max retries exceeded with url: /api/ (Caused by NameResolutionError("<urllib3.connection.HTTPSConnection object at 0x7f40afcac9b0>: Failed to resolve 'randomuser.me' ([Errno -3] Temporary failure in name resolution)"))
[2024-06-16T06:32:04.695+0000] {processor.py:842} WARNING - No viable dags retrieved from /opt/airflow/dags/random_api_request_w.py
[2024-06-16T06:32:08.380+0000] {processor.py:183} INFO - Processing /opt/airflow/dags/random_api_request_w.py took 24.840 seconds
[2024-06-16T06:32:39.378+0000] {processor.py:161} INFO - Started process (PID=8879) to work on /opt/airflow/dags/random_api_request_w.py
[2024-06-16T06:32:39.379+0000] {processor.py:830} INFO - Processing file /opt/airflow/dags/random_api_request_w.py for tasks to queue
[2024-06-16T06:32:39.385+0000] {logging_mixin.py:188} INFO - [2024-06-16T06:32:39.385+0000] {dagbag.py:545} INFO - Filling up the DagBag from /opt/airflow/dags/random_api_request_w.py
[2024-06-16T06:32:41.979+0000] {processor.py:840} INFO - DAG(s) 'random_api' retrieved from /opt/airflow/dags/random_api_request_w.py
[2024-06-16T06:32:42.131+0000] {logging_mixin.py:188} INFO - [2024-06-16T06:32:42.131+0000] {dag.py:3096} INFO - Sync 1 DAGs
[2024-06-16T06:32:42.169+0000] {logging_mixin.py:188} INFO - [2024-06-16T06:32:42.169+0000] {dag.py:3954} INFO - Setting next_dagrun for random_api to 2024-06-16 05:05:00+00:00, run_after=2024-06-16 06:05:00+00:00
[2024-06-16T06:32:49.215+0000] {processor.py:183} INFO - Processing /opt/airflow/dags/random_api_request_w.py took 9.846 seconds
[2024-06-16T06:33:19.735+0000] {processor.py:161} INFO - Started process (PID=8923) to work on /opt/airflow/dags/random_api_request_w.py
[2024-06-16T06:33:19.737+0000] {processor.py:830} INFO - Processing file /opt/airflow/dags/random_api_request_w.py for tasks to queue
[2024-06-16T06:33:19.739+0000] {logging_mixin.py:188} INFO - [2024-06-16T06:33:19.738+0000] {dagbag.py:545} INFO - Filling up the DagBag from /opt/airflow/dags/random_api_request_w.py
[2024-06-16T06:33:27.141+0000] {processor.py:840} INFO - DAG(s) 'random_api' retrieved from /opt/airflow/dags/random_api_request_w.py
[2024-06-16T06:33:27.317+0000] {logging_mixin.py:188} INFO - [2024-06-16T06:33:27.316+0000] {dag.py:3096} INFO - Sync 1 DAGs
[2024-06-16T06:33:27.595+0000] {logging_mixin.py:188} INFO - [2024-06-16T06:33:27.595+0000] {dag.py:3954} INFO - Setting next_dagrun for random_api to 2024-06-16 05:05:00+00:00, run_after=2024-06-16 06:05:00+00:00
[2024-06-16T06:33:34.640+0000] {processor.py:183} INFO - Processing /opt/airflow/dags/random_api_request_w.py took 14.917 seconds
[2024-06-16T06:34:11.163+0000] {processor.py:161} INFO - Started process (PID=8967) to work on /opt/airflow/dags/random_api_request_w.py
[2024-06-16T06:34:11.890+0000] {processor.py:830} INFO - Processing file /opt/airflow/dags/random_api_request_w.py for tasks to queue
[2024-06-16T06:34:11.894+0000] {logging_mixin.py:188} INFO - [2024-06-16T06:34:11.893+0000] {dagbag.py:545} INFO - Filling up the DagBag from /opt/airflow/dags/random_api_request_w.py
[2024-06-16T06:34:22.585+0000] {processor.py:840} INFO - DAG(s) 'random_api' retrieved from /opt/airflow/dags/random_api_request_w.py
[2024-06-16T06:34:23.091+0000] {logging_mixin.py:188} INFO - [2024-06-16T06:34:23.090+0000] {dag.py:3096} INFO - Sync 1 DAGs
[2024-06-16T06:34:23.454+0000] {logging_mixin.py:188} INFO - [2024-06-16T06:34:23.453+0000] {dag.py:3954} INFO - Setting next_dagrun for random_api to 2024-06-16 05:05:00+00:00, run_after=2024-06-16 06:05:00+00:00
[2024-06-16T06:34:25.786+0000] {processor.py:183} INFO - Processing /opt/airflow/dags/random_api_request_w.py took 14.939 seconds
[2024-06-16T06:34:56.433+0000] {processor.py:161} INFO - Started process (PID=9003) to work on /opt/airflow/dags/random_api_request_w.py
[2024-06-16T06:34:56.435+0000] {processor.py:830} INFO - Processing file /opt/airflow/dags/random_api_request_w.py for tasks to queue
[2024-06-16T06:34:56.440+0000] {logging_mixin.py:188} INFO - [2024-06-16T06:34:56.438+0000] {dagbag.py:545} INFO - Filling up the DagBag from /opt/airflow/dags/random_api_request_w.py
[2024-06-16T06:34:58.394+0000] {processor.py:840} INFO - DAG(s) 'random_api' retrieved from /opt/airflow/dags/random_api_request_w.py
[2024-06-16T06:34:58.434+0000] {logging_mixin.py:188} INFO - [2024-06-16T06:34:58.434+0000] {dag.py:3096} INFO - Sync 1 DAGs
[2024-06-16T06:34:58.491+0000] {logging_mixin.py:188} INFO - [2024-06-16T06:34:58.491+0000] {dag.py:3954} INFO - Setting next_dagrun for random_api to 2024-06-16 05:05:00+00:00, run_after=2024-06-16 06:05:00+00:00
[2024-06-16T06:34:59.748+0000] {processor.py:183} INFO - Processing /opt/airflow/dags/random_api_request_w.py took 3.324 seconds
[2024-06-16T06:35:31.154+0000] {processor.py:161} INFO - Started process (PID=9046) to work on /opt/airflow/dags/random_api_request_w.py
[2024-06-16T06:35:31.156+0000] {processor.py:830} INFO - Processing file /opt/airflow/dags/random_api_request_w.py for tasks to queue
[2024-06-16T06:35:31.158+0000] {logging_mixin.py:188} INFO - [2024-06-16T06:35:31.158+0000] {dagbag.py:545} INFO - Filling up the DagBag from /opt/airflow/dags/random_api_request_w.py
[2024-06-16T06:35:33.385+0000] {processor.py:840} INFO - DAG(s) 'random_api' retrieved from /opt/airflow/dags/random_api_request_w.py
[2024-06-16T06:35:33.419+0000] {logging_mixin.py:188} INFO - [2024-06-16T06:35:33.419+0000] {dag.py:3096} INFO - Sync 1 DAGs
[2024-06-16T06:35:33.446+0000] {logging_mixin.py:188} INFO - [2024-06-16T06:35:33.446+0000] {dag.py:3954} INFO - Setting next_dagrun for random_api to 2024-06-16 05:05:00+00:00, run_after=2024-06-16 06:05:00+00:00
[2024-06-16T06:35:34.777+0000] {processor.py:183} INFO - Processing /opt/airflow/dags/random_api_request_w.py took 3.642 seconds
[2024-06-16T06:36:07.615+0000] {processor.py:161} INFO - Started process (PID=9090) to work on /opt/airflow/dags/random_api_request_w.py
[2024-06-16T06:36:07.882+0000] {processor.py:830} INFO - Processing file /opt/airflow/dags/random_api_request_w.py for tasks to queue
[2024-06-16T06:36:07.884+0000] {logging_mixin.py:188} INFO - [2024-06-16T06:36:07.883+0000] {dagbag.py:545} INFO - Filling up the DagBag from /opt/airflow/dags/random_api_request_w.py
[2024-06-16T06:36:10.629+0000] {processor.py:840} INFO - DAG(s) 'random_api' retrieved from /opt/airflow/dags/random_api_request_w.py
[2024-06-16T06:36:10.668+0000] {logging_mixin.py:188} INFO - [2024-06-16T06:36:10.668+0000] {dag.py:3096} INFO - Sync 1 DAGs
[2024-06-16T06:36:10.700+0000] {logging_mixin.py:188} INFO - [2024-06-16T06:36:10.699+0000] {dag.py:3954} INFO - Setting next_dagrun for random_api to 2024-06-16 05:05:00+00:00, run_after=2024-06-16 06:05:00+00:00
[2024-06-16T06:36:11.873+0000] {processor.py:183} INFO - Processing /opt/airflow/dags/random_api_request_w.py took 4.269 seconds
[2024-06-16T06:36:42.485+0000] {processor.py:161} INFO - Started process (PID=9136) to work on /opt/airflow/dags/random_api_request_w.py
[2024-06-16T06:36:42.486+0000] {processor.py:830} INFO - Processing file /opt/airflow/dags/random_api_request_w.py for tasks to queue
[2024-06-16T06:36:42.488+0000] {logging_mixin.py:188} INFO - [2024-06-16T06:36:42.487+0000] {dagbag.py:545} INFO - Filling up the DagBag from /opt/airflow/dags/random_api_request_w.py
[2024-06-16T06:36:44.033+0000] {processor.py:840} INFO - DAG(s) 'random_api' retrieved from /opt/airflow/dags/random_api_request_w.py
[2024-06-16T06:36:44.057+0000] {logging_mixin.py:188} INFO - [2024-06-16T06:36:44.056+0000] {dag.py:3096} INFO - Sync 1 DAGs
[2024-06-16T06:36:44.086+0000] {logging_mixin.py:188} INFO - [2024-06-16T06:36:44.085+0000] {dag.py:3954} INFO - Setting next_dagrun for random_api to 2024-06-16 05:05:00+00:00, run_after=2024-06-16 06:05:00+00:00
[2024-06-16T06:36:45.036+0000] {processor.py:183} INFO - Processing /opt/airflow/dags/random_api_request_w.py took 2.560 seconds
[2024-06-16T06:37:15.616+0000] {processor.py:161} INFO - Started process (PID=9180) to work on /opt/airflow/dags/random_api_request_w.py
[2024-06-16T06:37:15.618+0000] {processor.py:830} INFO - Processing file /opt/airflow/dags/random_api_request_w.py for tasks to queue
[2024-06-16T06:37:15.619+0000] {logging_mixin.py:188} INFO - [2024-06-16T06:37:15.619+0000] {dagbag.py:545} INFO - Filling up the DagBag from /opt/airflow/dags/random_api_request_w.py
[2024-06-16T06:37:17.112+0000] {processor.py:840} INFO - DAG(s) 'random_api' retrieved from /opt/airflow/dags/random_api_request_w.py
[2024-06-16T06:37:17.137+0000] {logging_mixin.py:188} INFO - [2024-06-16T06:37:17.136+0000] {dag.py:3096} INFO - Sync 1 DAGs
[2024-06-16T06:37:17.167+0000] {logging_mixin.py:188} INFO - [2024-06-16T06:37:17.166+0000] {dag.py:3954} INFO - Setting next_dagrun for random_api to 2024-06-16 05:05:00+00:00, run_after=2024-06-16 06:05:00+00:00
[2024-06-16T06:37:18.050+0000] {processor.py:183} INFO - Processing /opt/airflow/dags/random_api_request_w.py took 2.442 seconds
[2024-06-16T06:37:48.476+0000] {processor.py:161} INFO - Started process (PID=9224) to work on /opt/airflow/dags/random_api_request_w.py
[2024-06-16T06:37:48.478+0000] {processor.py:830} INFO - Processing file /opt/airflow/dags/random_api_request_w.py for tasks to queue
[2024-06-16T06:37:48.479+0000] {logging_mixin.py:188} INFO - [2024-06-16T06:37:48.478+0000] {dagbag.py:545} INFO - Filling up the DagBag from /opt/airflow/dags/random_api_request_w.py
[2024-06-16T06:37:50.229+0000] {processor.py:840} INFO - DAG(s) 'random_api' retrieved from /opt/airflow/dags/random_api_request_w.py
[2024-06-16T06:37:50.360+0000] {logging_mixin.py:188} INFO - [2024-06-16T06:37:50.359+0000] {dag.py:3096} INFO - Sync 1 DAGs
[2024-06-16T06:37:50.458+0000] {logging_mixin.py:188} INFO - [2024-06-16T06:37:50.458+0000] {dag.py:3954} INFO - Setting next_dagrun for random_api to 2024-06-16 05:05:00+00:00, run_after=2024-06-16 06:05:00+00:00
[2024-06-16T06:37:51.244+0000] {processor.py:183} INFO - Processing /opt/airflow/dags/random_api_request_w.py took 2.777 seconds
[2024-06-16T06:38:22.499+0000] {processor.py:161} INFO - Started process (PID=9269) to work on /opt/airflow/dags/random_api_request_w.py
[2024-06-16T06:38:22.501+0000] {processor.py:830} INFO - Processing file /opt/airflow/dags/random_api_request_w.py for tasks to queue
[2024-06-16T06:38:22.521+0000] {logging_mixin.py:188} INFO - [2024-06-16T06:38:22.503+0000] {dagbag.py:545} INFO - Filling up the DagBag from /opt/airflow/dags/random_api_request_w.py
[2024-06-16T06:38:24.503+0000] {processor.py:840} INFO - DAG(s) 'random_api' retrieved from /opt/airflow/dags/random_api_request_w.py
[2024-06-16T06:38:24.532+0000] {logging_mixin.py:188} INFO - [2024-06-16T06:38:24.531+0000] {dag.py:3096} INFO - Sync 1 DAGs
[2024-06-16T06:38:24.565+0000] {logging_mixin.py:188} INFO - [2024-06-16T06:38:24.563+0000] {dag.py:3954} INFO - Setting next_dagrun for random_api to 2024-06-16 05:05:00+00:00, run_after=2024-06-16 06:05:00+00:00
[2024-06-16T06:38:25.670+0000] {processor.py:183} INFO - Processing /opt/airflow/dags/random_api_request_w.py took 3.180 seconds
[2024-06-16T06:38:56.272+0000] {processor.py:161} INFO - Started process (PID=9328) to work on /opt/airflow/dags/random_api_request_w.py
[2024-06-16T06:38:56.281+0000] {processor.py:830} INFO - Processing file /opt/airflow/dags/random_api_request_w.py for tasks to queue
[2024-06-16T06:38:56.287+0000] {logging_mixin.py:188} INFO - [2024-06-16T06:38:56.287+0000] {dagbag.py:545} INFO - Filling up the DagBag from /opt/airflow/dags/random_api_request_w.py
[2024-06-16T06:38:58.744+0000] {processor.py:840} INFO - DAG(s) 'random_api' retrieved from /opt/airflow/dags/random_api_request_w.py
[2024-06-16T06:38:58.831+0000] {logging_mixin.py:188} INFO - [2024-06-16T06:38:58.830+0000] {dag.py:3096} INFO - Sync 1 DAGs
[2024-06-16T06:38:58.917+0000] {logging_mixin.py:188} INFO - [2024-06-16T06:38:58.917+0000] {dag.py:3954} INFO - Setting next_dagrun for random_api to 2024-06-16 05:05:00+00:00, run_after=2024-06-16 06:05:00+00:00
[2024-06-16T06:38:59.378+0000] {processor.py:183} INFO - Processing /opt/airflow/dags/random_api_request_w.py took 3.129 seconds
[2024-06-16T06:39:30.643+0000] {processor.py:161} INFO - Started process (PID=9376) to work on /opt/airflow/dags/random_api_request_w.py
[2024-06-16T06:39:30.645+0000] {processor.py:830} INFO - Processing file /opt/airflow/dags/random_api_request_w.py for tasks to queue
[2024-06-16T06:39:30.646+0000] {logging_mixin.py:188} INFO - [2024-06-16T06:39:30.646+0000] {dagbag.py:545} INFO - Filling up the DagBag from /opt/airflow/dags/random_api_request_w.py
[2024-06-16T06:39:31.997+0000] {processor.py:840} INFO - DAG(s) 'random_api' retrieved from /opt/airflow/dags/random_api_request_w.py
[2024-06-16T06:39:32.027+0000] {logging_mixin.py:188} INFO - [2024-06-16T06:39:32.026+0000] {dag.py:3096} INFO - Sync 1 DAGs
[2024-06-16T06:39:32.057+0000] {logging_mixin.py:188} INFO - [2024-06-16T06:39:32.057+0000] {dag.py:3954} INFO - Setting next_dagrun for random_api to 2024-06-16 05:05:00+00:00, run_after=2024-06-16 06:05:00+00:00
[2024-06-16T06:39:33.099+0000] {processor.py:183} INFO - Processing /opt/airflow/dags/random_api_request_w.py took 2.464 seconds
[2024-06-16T06:40:03.473+0000] {processor.py:161} INFO - Started process (PID=9416) to work on /opt/airflow/dags/random_api_request_w.py
[2024-06-16T06:40:03.474+0000] {processor.py:830} INFO - Processing file /opt/airflow/dags/random_api_request_w.py for tasks to queue
[2024-06-16T06:40:03.476+0000] {logging_mixin.py:188} INFO - [2024-06-16T06:40:03.475+0000] {dagbag.py:545} INFO - Filling up the DagBag from /opt/airflow/dags/random_api_request_w.py
[2024-06-16T06:40:04.910+0000] {processor.py:840} INFO - DAG(s) 'random_api' retrieved from /opt/airflow/dags/random_api_request_w.py
[2024-06-16T06:40:04.938+0000] {logging_mixin.py:188} INFO - [2024-06-16T06:40:04.938+0000] {dag.py:3096} INFO - Sync 1 DAGs
[2024-06-16T06:40:04.965+0000] {logging_mixin.py:188} INFO - [2024-06-16T06:40:04.965+0000] {dag.py:3954} INFO - Setting next_dagrun for random_api to 2024-06-16 05:05:00+00:00, run_after=2024-06-16 06:05:00+00:00
[2024-06-16T06:40:05.234+0000] {processor.py:183} INFO - Processing /opt/airflow/dags/random_api_request_w.py took 1.773 seconds
[2024-06-16T06:40:35.339+0000] {processor.py:161} INFO - Started process (PID=9458) to work on /opt/airflow/dags/random_api_request_w.py
[2024-06-16T06:40:35.340+0000] {processor.py:830} INFO - Processing file /opt/airflow/dags/random_api_request_w.py for tasks to queue
[2024-06-16T06:40:35.342+0000] {logging_mixin.py:188} INFO - [2024-06-16T06:40:35.341+0000] {dagbag.py:545} INFO - Filling up the DagBag from /opt/airflow/dags/random_api_request_w.py
[2024-06-16T06:40:36.839+0000] {processor.py:840} INFO - DAG(s) 'random_api' retrieved from /opt/airflow/dags/random_api_request_w.py
[2024-06-16T06:40:36.867+0000] {logging_mixin.py:188} INFO - [2024-06-16T06:40:36.867+0000] {dag.py:3096} INFO - Sync 1 DAGs
[2024-06-16T06:40:36.893+0000] {logging_mixin.py:188} INFO - [2024-06-16T06:40:36.893+0000] {dag.py:3954} INFO - Setting next_dagrun for random_api to 2024-06-16 05:05:00+00:00, run_after=2024-06-16 06:05:00+00:00
[2024-06-16T06:40:37.065+0000] {processor.py:183} INFO - Processing /opt/airflow/dags/random_api_request_w.py took 1.740 seconds
[2024-06-16T06:41:07.264+0000] {processor.py:161} INFO - Started process (PID=9504) to work on /opt/airflow/dags/random_api_request_w.py
[2024-06-16T06:41:07.267+0000] {processor.py:830} INFO - Processing file /opt/airflow/dags/random_api_request_w.py for tasks to queue
[2024-06-16T06:41:07.271+0000] {logging_mixin.py:188} INFO - [2024-06-16T06:41:07.270+0000] {dagbag.py:545} INFO - Filling up the DagBag from /opt/airflow/dags/random_api_request_w.py
[2024-06-16T06:41:08.822+0000] {processor.py:840} INFO - DAG(s) 'random_api' retrieved from /opt/airflow/dags/random_api_request_w.py
[2024-06-16T06:41:08.909+0000] {logging_mixin.py:188} INFO - [2024-06-16T06:41:08.907+0000] {dag.py:3096} INFO - Sync 1 DAGs
[2024-06-16T06:41:08.993+0000] {logging_mixin.py:188} INFO - [2024-06-16T06:41:08.993+0000] {dag.py:3954} INFO - Setting next_dagrun for random_api to 2024-06-16 05:05:00+00:00, run_after=2024-06-16 06:05:00+00:00
[2024-06-16T06:41:09.283+0000] {processor.py:183} INFO - Processing /opt/airflow/dags/random_api_request_w.py took 2.037 seconds
[2024-06-16T06:41:41.066+0000] {processor.py:161} INFO - Started process (PID=9548) to work on /opt/airflow/dags/random_api_request_w.py
[2024-06-16T06:41:41.068+0000] {processor.py:830} INFO - Processing file /opt/airflow/dags/random_api_request_w.py for tasks to queue
[2024-06-16T06:41:41.071+0000] {logging_mixin.py:188} INFO - [2024-06-16T06:41:41.070+0000] {dagbag.py:545} INFO - Filling up the DagBag from /opt/airflow/dags/random_api_request_w.py
[2024-06-16T06:41:42.696+0000] {processor.py:840} INFO - DAG(s) 'random_api' retrieved from /opt/airflow/dags/random_api_request_w.py
[2024-06-16T06:41:42.722+0000] {logging_mixin.py:188} INFO - [2024-06-16T06:41:42.721+0000] {dag.py:3096} INFO - Sync 1 DAGs
[2024-06-16T06:41:42.749+0000] {logging_mixin.py:188} INFO - [2024-06-16T06:41:42.749+0000] {dag.py:3954} INFO - Setting next_dagrun for random_api to 2024-06-16 05:05:00+00:00, run_after=2024-06-16 06:05:00+00:00
[2024-06-16T06:41:43.230+0000] {processor.py:183} INFO - Processing /opt/airflow/dags/random_api_request_w.py took 2.174 seconds
[2024-06-16T06:42:13.702+0000] {processor.py:161} INFO - Started process (PID=9590) to work on /opt/airflow/dags/random_api_request_w.py
[2024-06-16T06:42:13.703+0000] {processor.py:830} INFO - Processing file /opt/airflow/dags/random_api_request_w.py for tasks to queue
[2024-06-16T06:42:13.705+0000] {logging_mixin.py:188} INFO - [2024-06-16T06:42:13.704+0000] {dagbag.py:545} INFO - Filling up the DagBag from /opt/airflow/dags/random_api_request_w.py
[2024-06-16T06:42:16.478+0000] {processor.py:840} INFO - DAG(s) 'random_api' retrieved from /opt/airflow/dags/random_api_request_w.py
[2024-06-16T06:42:16.565+0000] {logging_mixin.py:188} INFO - [2024-06-16T06:42:16.564+0000] {dag.py:3096} INFO - Sync 1 DAGs
[2024-06-16T06:42:16.687+0000] {logging_mixin.py:188} INFO - [2024-06-16T06:42:16.687+0000] {dag.py:3954} INFO - Setting next_dagrun for random_api to 2024-06-16 05:05:00+00:00, run_after=2024-06-16 06:05:00+00:00
[2024-06-16T06:42:17.148+0000] {processor.py:183} INFO - Processing /opt/airflow/dags/random_api_request_w.py took 3.457 seconds
[2024-06-16T06:42:47.658+0000] {processor.py:161} INFO - Started process (PID=9630) to work on /opt/airflow/dags/random_api_request_w.py
[2024-06-16T06:42:47.659+0000] {processor.py:830} INFO - Processing file /opt/airflow/dags/random_api_request_w.py for tasks to queue
[2024-06-16T06:42:47.661+0000] {logging_mixin.py:188} INFO - [2024-06-16T06:42:47.661+0000] {dagbag.py:545} INFO - Filling up the DagBag from /opt/airflow/dags/random_api_request_w.py
[2024-06-16T06:42:49.188+0000] {processor.py:840} INFO - DAG(s) 'random_api' retrieved from /opt/airflow/dags/random_api_request_w.py
[2024-06-16T06:42:49.218+0000] {logging_mixin.py:188} INFO - [2024-06-16T06:42:49.218+0000] {dag.py:3096} INFO - Sync 1 DAGs
[2024-06-16T06:42:49.255+0000] {logging_mixin.py:188} INFO - [2024-06-16T06:42:49.255+0000] {dag.py:3954} INFO - Setting next_dagrun for random_api to 2024-06-16 05:05:00+00:00, run_after=2024-06-16 06:05:00+00:00
[2024-06-16T06:42:49.436+0000] {processor.py:183} INFO - Processing /opt/airflow/dags/random_api_request_w.py took 1.792 seconds
[2024-06-16T06:43:19.552+0000] {processor.py:161} INFO - Started process (PID=9672) to work on /opt/airflow/dags/random_api_request_w.py
[2024-06-16T06:43:19.554+0000] {processor.py:830} INFO - Processing file /opt/airflow/dags/random_api_request_w.py for tasks to queue
[2024-06-16T06:43:19.557+0000] {logging_mixin.py:188} INFO - [2024-06-16T06:43:19.556+0000] {dagbag.py:545} INFO - Filling up the DagBag from /opt/airflow/dags/random_api_request_w.py
[2024-06-16T06:43:22.198+0000] {processor.py:840} INFO - DAG(s) 'random_api' retrieved from /opt/airflow/dags/random_api_request_w.py
[2024-06-16T06:43:22.234+0000] {logging_mixin.py:188} INFO - [2024-06-16T06:43:22.233+0000] {dag.py:3096} INFO - Sync 1 DAGs
[2024-06-16T06:43:22.269+0000] {logging_mixin.py:188} INFO - [2024-06-16T06:43:22.268+0000] {dag.py:3954} INFO - Setting next_dagrun for random_api to 2024-06-16 05:05:00+00:00, run_after=2024-06-16 06:05:00+00:00
[2024-06-16T06:43:22.516+0000] {processor.py:183} INFO - Processing /opt/airflow/dags/random_api_request_w.py took 2.983 seconds
[2024-06-16T06:43:52.920+0000] {processor.py:161} INFO - Started process (PID=9712) to work on /opt/airflow/dags/random_api_request_w.py
[2024-06-16T06:43:52.921+0000] {processor.py:830} INFO - Processing file /opt/airflow/dags/random_api_request_w.py for tasks to queue
[2024-06-16T06:43:52.923+0000] {logging_mixin.py:188} INFO - [2024-06-16T06:43:52.922+0000] {dagbag.py:545} INFO - Filling up the DagBag from /opt/airflow/dags/random_api_request_w.py
[2024-06-16T06:43:54.152+0000] {processor.py:840} INFO - DAG(s) 'random_api' retrieved from /opt/airflow/dags/random_api_request_w.py
[2024-06-16T06:43:54.182+0000] {logging_mixin.py:188} INFO - [2024-06-16T06:43:54.181+0000] {dag.py:3096} INFO - Sync 1 DAGs
[2024-06-16T06:43:54.213+0000] {logging_mixin.py:188} INFO - [2024-06-16T06:43:54.213+0000] {dag.py:3954} INFO - Setting next_dagrun for random_api to 2024-06-16 05:05:00+00:00, run_after=2024-06-16 06:05:00+00:00
[2024-06-16T06:43:54.521+0000] {processor.py:183} INFO - Processing /opt/airflow/dags/random_api_request_w.py took 1.611 seconds
[2024-06-16T06:44:24.759+0000] {processor.py:161} INFO - Started process (PID=9752) to work on /opt/airflow/dags/random_api_request_w.py
[2024-06-16T06:44:24.760+0000] {processor.py:830} INFO - Processing file /opt/airflow/dags/random_api_request_w.py for tasks to queue
[2024-06-16T06:44:24.762+0000] {logging_mixin.py:188} INFO - [2024-06-16T06:44:24.761+0000] {dagbag.py:545} INFO - Filling up the DagBag from /opt/airflow/dags/random_api_request_w.py
[2024-06-16T06:44:26.027+0000] {processor.py:840} INFO - DAG(s) 'random_api' retrieved from /opt/airflow/dags/random_api_request_w.py
[2024-06-16T06:44:26.064+0000] {logging_mixin.py:188} INFO - [2024-06-16T06:44:26.063+0000] {dag.py:3096} INFO - Sync 1 DAGs
[2024-06-16T06:44:26.097+0000] {logging_mixin.py:188} INFO - [2024-06-16T06:44:26.097+0000] {dag.py:3954} INFO - Setting next_dagrun for random_api to 2024-06-16 05:05:00+00:00, run_after=2024-06-16 06:05:00+00:00
[2024-06-16T06:44:26.196+0000] {processor.py:183} INFO - Processing /opt/airflow/dags/random_api_request_w.py took 1.453 seconds
[2024-06-16T06:44:56.528+0000] {processor.py:161} INFO - Started process (PID=9795) to work on /opt/airflow/dags/random_api_request_w.py
[2024-06-16T06:44:56.530+0000] {processor.py:830} INFO - Processing file /opt/airflow/dags/random_api_request_w.py for tasks to queue
[2024-06-16T06:44:56.531+0000] {logging_mixin.py:188} INFO - [2024-06-16T06:44:56.531+0000] {dagbag.py:545} INFO - Filling up the DagBag from /opt/airflow/dags/random_api_request_w.py
[2024-06-16T06:44:57.640+0000] {processor.py:840} INFO - DAG(s) 'random_api' retrieved from /opt/airflow/dags/random_api_request_w.py
[2024-06-16T06:44:57.668+0000] {logging_mixin.py:188} INFO - [2024-06-16T06:44:57.668+0000] {dag.py:3096} INFO - Sync 1 DAGs
[2024-06-16T06:44:57.698+0000] {logging_mixin.py:188} INFO - [2024-06-16T06:44:57.698+0000] {dag.py:3954} INFO - Setting next_dagrun for random_api to 2024-06-16 05:05:00+00:00, run_after=2024-06-16 06:05:00+00:00
[2024-06-16T06:44:57.835+0000] {processor.py:183} INFO - Processing /opt/airflow/dags/random_api_request_w.py took 1.316 seconds
[2024-06-16T06:45:28.225+0000] {processor.py:161} INFO - Started process (PID=9834) to work on /opt/airflow/dags/random_api_request_w.py
[2024-06-16T06:45:28.226+0000] {processor.py:830} INFO - Processing file /opt/airflow/dags/random_api_request_w.py for tasks to queue
[2024-06-16T06:45:28.228+0000] {logging_mixin.py:188} INFO - [2024-06-16T06:45:28.227+0000] {dagbag.py:545} INFO - Filling up the DagBag from /opt/airflow/dags/random_api_request_w.py
[2024-06-16T06:45:29.440+0000] {processor.py:840} INFO - DAG(s) 'random_api' retrieved from /opt/airflow/dags/random_api_request_w.py
[2024-06-16T06:45:29.478+0000] {logging_mixin.py:188} INFO - [2024-06-16T06:45:29.478+0000] {dag.py:3096} INFO - Sync 1 DAGs
[2024-06-16T06:45:29.509+0000] {logging_mixin.py:188} INFO - [2024-06-16T06:45:29.508+0000] {dag.py:3954} INFO - Setting next_dagrun for random_api to 2024-06-16 05:05:00+00:00, run_after=2024-06-16 06:05:00+00:00
[2024-06-16T06:45:29.604+0000] {processor.py:183} INFO - Processing /opt/airflow/dags/random_api_request_w.py took 1.388 seconds
[2024-06-16T06:45:59.803+0000] {processor.py:161} INFO - Started process (PID=9875) to work on /opt/airflow/dags/random_api_request_w.py
[2024-06-16T06:45:59.805+0000] {processor.py:830} INFO - Processing file /opt/airflow/dags/random_api_request_w.py for tasks to queue
[2024-06-16T06:45:59.806+0000] {logging_mixin.py:188} INFO - [2024-06-16T06:45:59.806+0000] {dagbag.py:545} INFO - Filling up the DagBag from /opt/airflow/dags/random_api_request_w.py
[2024-06-16T06:46:01.582+0000] {processor.py:840} INFO - DAG(s) 'random_api' retrieved from /opt/airflow/dags/random_api_request_w.py
[2024-06-16T06:46:01.616+0000] {logging_mixin.py:188} INFO - [2024-06-16T06:46:01.615+0000] {dag.py:3096} INFO - Sync 1 DAGs
[2024-06-16T06:46:01.652+0000] {logging_mixin.py:188} INFO - [2024-06-16T06:46:01.651+0000] {dag.py:3954} INFO - Setting next_dagrun for random_api to 2024-06-16 05:05:00+00:00, run_after=2024-06-16 06:05:00+00:00
[2024-06-16T06:46:01.780+0000] {processor.py:183} INFO - Processing /opt/airflow/dags/random_api_request_w.py took 1.986 seconds
[2024-06-16T06:46:32.365+0000] {processor.py:161} INFO - Started process (PID=9916) to work on /opt/airflow/dags/random_api_request_w.py
[2024-06-16T06:46:32.366+0000] {processor.py:830} INFO - Processing file /opt/airflow/dags/random_api_request_w.py for tasks to queue
[2024-06-16T06:46:32.368+0000] {logging_mixin.py:188} INFO - [2024-06-16T06:46:32.367+0000] {dagbag.py:545} INFO - Filling up the DagBag from /opt/airflow/dags/random_api_request_w.py
[2024-06-16T06:46:34.036+0000] {processor.py:840} INFO - DAG(s) 'random_api' retrieved from /opt/airflow/dags/random_api_request_w.py
[2024-06-16T06:46:34.075+0000] {logging_mixin.py:188} INFO - [2024-06-16T06:46:34.074+0000] {dag.py:3096} INFO - Sync 1 DAGs
[2024-06-16T06:46:34.114+0000] {logging_mixin.py:188} INFO - [2024-06-16T06:46:34.113+0000] {dag.py:3954} INFO - Setting next_dagrun for random_api to 2024-06-16 05:05:00+00:00, run_after=2024-06-16 06:05:00+00:00
[2024-06-16T06:46:34.283+0000] {processor.py:183} INFO - Processing /opt/airflow/dags/random_api_request_w.py took 1.928 seconds
[2024-06-16T06:47:07.969+0000] {processor.py:161} INFO - Started process (PID=9954) to work on /opt/airflow/dags/random_api_request_w.py
[2024-06-16T06:47:08.486+0000] {processor.py:830} INFO - Processing file /opt/airflow/dags/random_api_request_w.py for tasks to queue
[2024-06-16T06:47:08.721+0000] {logging_mixin.py:188} INFO - [2024-06-16T06:47:08.668+0000] {dagbag.py:545} INFO - Filling up the DagBag from /opt/airflow/dags/random_api_request_w.py
[2024-06-16T06:47:24.455+0000] {processor.py:840} INFO - DAG(s) 'random_api' retrieved from /opt/airflow/dags/random_api_request_w.py
[2024-06-16T06:47:26.435+0000] {logging_mixin.py:188} INFO - [2024-06-16T06:47:26.431+0000] {dag.py:3096} INFO - Sync 1 DAGs
[2024-06-16T06:47:27.575+0000] {logging_mixin.py:188} INFO - [2024-06-16T06:47:27.574+0000] {dag.py:3954} INFO - Setting next_dagrun for random_api to 2024-06-16 05:05:00+00:00, run_after=2024-06-16 06:05:00+00:00
[2024-06-16T06:47:28.631+0000] {processor.py:183} INFO - Processing /opt/airflow/dags/random_api_request_w.py took 20.832 seconds
[2024-06-16T06:48:06.479+0000] {processor.py:161} INFO - Started process (PID=10001) to work on /opt/airflow/dags/random_api_request_w.py
[2024-06-16T06:48:06.481+0000] {processor.py:830} INFO - Processing file /opt/airflow/dags/random_api_request_w.py for tasks to queue
[2024-06-16T06:48:06.482+0000] {logging_mixin.py:188} INFO - [2024-06-16T06:48:06.482+0000] {dagbag.py:545} INFO - Filling up the DagBag from /opt/airflow/dags/random_api_request_w.py
[2024-06-16T06:48:07.776+0000] {processor.py:840} INFO - DAG(s) 'random_api' retrieved from /opt/airflow/dags/random_api_request_w.py
[2024-06-16T06:48:07.808+0000] {logging_mixin.py:188} INFO - [2024-06-16T06:48:07.807+0000] {dag.py:3096} INFO - Sync 1 DAGs
[2024-06-16T06:48:07.848+0000] {logging_mixin.py:188} INFO - [2024-06-16T06:48:07.848+0000] {dag.py:3954} INFO - Setting next_dagrun for random_api to 2024-06-16 05:05:00+00:00, run_after=2024-06-16 06:05:00+00:00
[2024-06-16T06:48:07.945+0000] {processor.py:183} INFO - Processing /opt/airflow/dags/random_api_request_w.py took 1.474 seconds
[2024-06-16T06:48:38.259+0000] {processor.py:161} INFO - Started process (PID=10039) to work on /opt/airflow/dags/random_api_request_w.py
[2024-06-16T06:48:38.261+0000] {processor.py:830} INFO - Processing file /opt/airflow/dags/random_api_request_w.py for tasks to queue
[2024-06-16T06:48:38.263+0000] {logging_mixin.py:188} INFO - [2024-06-16T06:48:38.262+0000] {dagbag.py:545} INFO - Filling up the DagBag from /opt/airflow/dags/random_api_request_w.py
[2024-06-16T06:48:42.043+0000] {processor.py:840} INFO - DAG(s) 'random_api' retrieved from /opt/airflow/dags/random_api_request_w.py
[2024-06-16T06:48:42.075+0000] {logging_mixin.py:188} INFO - [2024-06-16T06:48:42.074+0000] {dag.py:3096} INFO - Sync 1 DAGs
[2024-06-16T06:48:42.105+0000] {logging_mixin.py:188} INFO - [2024-06-16T06:48:42.104+0000] {dag.py:3954} INFO - Setting next_dagrun for random_api to 2024-06-16 05:05:00+00:00, run_after=2024-06-16 06:05:00+00:00
[2024-06-16T06:48:42.230+0000] {processor.py:183} INFO - Processing /opt/airflow/dags/random_api_request_w.py took 3.984 seconds
[2024-06-16T06:49:12.591+0000] {processor.py:161} INFO - Started process (PID=10091) to work on /opt/airflow/dags/random_api_request_w.py
[2024-06-16T06:49:12.593+0000] {processor.py:830} INFO - Processing file /opt/airflow/dags/random_api_request_w.py for tasks to queue
[2024-06-16T06:49:12.594+0000] {logging_mixin.py:188} INFO - [2024-06-16T06:49:12.594+0000] {dagbag.py:545} INFO - Filling up the DagBag from /opt/airflow/dags/random_api_request_w.py
[2024-06-16T06:49:13.814+0000] {processor.py:840} INFO - DAG(s) 'random_api' retrieved from /opt/airflow/dags/random_api_request_w.py
[2024-06-16T06:49:13.851+0000] {logging_mixin.py:188} INFO - [2024-06-16T06:49:13.850+0000] {dag.py:3096} INFO - Sync 1 DAGs
[2024-06-16T06:49:13.921+0000] {logging_mixin.py:188} INFO - [2024-06-16T06:49:13.920+0000] {dag.py:3954} INFO - Setting next_dagrun for random_api to 2024-06-16 05:05:00+00:00, run_after=2024-06-16 06:05:00+00:00
[2024-06-16T06:49:14.092+0000] {processor.py:183} INFO - Processing /opt/airflow/dags/random_api_request_w.py took 1.510 seconds
[2024-06-16T06:49:44.385+0000] {processor.py:161} INFO - Started process (PID=10132) to work on /opt/airflow/dags/random_api_request_w.py
[2024-06-16T06:49:44.387+0000] {processor.py:830} INFO - Processing file /opt/airflow/dags/random_api_request_w.py for tasks to queue
[2024-06-16T06:49:44.389+0000] {logging_mixin.py:188} INFO - [2024-06-16T06:49:44.388+0000] {dagbag.py:545} INFO - Filling up the DagBag from /opt/airflow/dags/random_api_request_w.py
[2024-06-16T06:49:45.424+0000] {processor.py:840} INFO - DAG(s) 'random_api' retrieved from /opt/airflow/dags/random_api_request_w.py
[2024-06-16T06:49:45.457+0000] {logging_mixin.py:188} INFO - [2024-06-16T06:49:45.455+0000] {dag.py:3096} INFO - Sync 1 DAGs
[2024-06-16T06:49:45.486+0000] {logging_mixin.py:188} INFO - [2024-06-16T06:49:45.486+0000] {dag.py:3954} INFO - Setting next_dagrun for random_api to 2024-06-16 05:05:00+00:00, run_after=2024-06-16 06:05:00+00:00
[2024-06-16T06:49:47.071+0000] {processor.py:183} INFO - Processing /opt/airflow/dags/random_api_request_w.py took 2.695 seconds
[2024-06-16T06:50:17.674+0000] {processor.py:161} INFO - Started process (PID=10173) to work on /opt/airflow/dags/random_api_request_w.py
[2024-06-16T06:50:17.676+0000] {processor.py:830} INFO - Processing file /opt/airflow/dags/random_api_request_w.py for tasks to queue
[2024-06-16T06:50:17.678+0000] {logging_mixin.py:188} INFO - [2024-06-16T06:50:17.677+0000] {dagbag.py:545} INFO - Filling up the DagBag from /opt/airflow/dags/random_api_request_w.py
[2024-06-16T06:50:18.914+0000] {processor.py:840} INFO - DAG(s) 'random_api' retrieved from /opt/airflow/dags/random_api_request_w.py
[2024-06-16T06:50:18.947+0000] {logging_mixin.py:188} INFO - [2024-06-16T06:50:18.947+0000] {dag.py:3096} INFO - Sync 1 DAGs
[2024-06-16T06:50:18.978+0000] {logging_mixin.py:188} INFO - [2024-06-16T06:50:18.978+0000] {dag.py:3954} INFO - Setting next_dagrun for random_api to 2024-06-16 05:05:00+00:00, run_after=2024-06-16 06:05:00+00:00
[2024-06-16T06:50:19.085+0000] {processor.py:183} INFO - Processing /opt/airflow/dags/random_api_request_w.py took 1.427 seconds
[2024-06-16T06:50:49.330+0000] {processor.py:161} INFO - Started process (PID=10213) to work on /opt/airflow/dags/random_api_request_w.py
[2024-06-16T06:50:49.332+0000] {processor.py:830} INFO - Processing file /opt/airflow/dags/random_api_request_w.py for tasks to queue
[2024-06-16T06:50:49.334+0000] {logging_mixin.py:188} INFO - [2024-06-16T06:50:49.333+0000] {dagbag.py:545} INFO - Filling up the DagBag from /opt/airflow/dags/random_api_request_w.py
[2024-06-16T06:50:50.428+0000] {processor.py:840} INFO - DAG(s) 'random_api' retrieved from /opt/airflow/dags/random_api_request_w.py
[2024-06-16T06:50:50.458+0000] {logging_mixin.py:188} INFO - [2024-06-16T06:50:50.457+0000] {dag.py:3096} INFO - Sync 1 DAGs
[2024-06-16T06:50:50.495+0000] {logging_mixin.py:188} INFO - [2024-06-16T06:50:50.494+0000] {dag.py:3954} INFO - Setting next_dagrun for random_api to 2024-06-16 05:05:00+00:00, run_after=2024-06-16 06:05:00+00:00
[2024-06-16T06:50:50.760+0000] {processor.py:183} INFO - Processing /opt/airflow/dags/random_api_request_w.py took 1.440 seconds
[2024-06-16T06:51:21.272+0000] {processor.py:161} INFO - Started process (PID=10254) to work on /opt/airflow/dags/random_api_request_w.py
[2024-06-16T06:51:21.274+0000] {processor.py:830} INFO - Processing file /opt/airflow/dags/random_api_request_w.py for tasks to queue
[2024-06-16T06:51:21.277+0000] {logging_mixin.py:188} INFO - [2024-06-16T06:51:21.275+0000] {dagbag.py:545} INFO - Filling up the DagBag from /opt/airflow/dags/random_api_request_w.py
[2024-06-16T06:51:22.605+0000] {processor.py:840} INFO - DAG(s) 'random_api' retrieved from /opt/airflow/dags/random_api_request_w.py
[2024-06-16T06:51:22.744+0000] {logging_mixin.py:188} INFO - [2024-06-16T06:51:22.727+0000] {dag.py:3096} INFO - Sync 1 DAGs
[2024-06-16T06:51:22.845+0000] {logging_mixin.py:188} INFO - [2024-06-16T06:51:22.844+0000] {dag.py:3954} INFO - Setting next_dagrun for random_api to 2024-06-16 05:05:00+00:00, run_after=2024-06-16 06:05:00+00:00
[2024-06-16T06:51:26.414+0000] {processor.py:183} INFO - Processing /opt/airflow/dags/random_api_request_w.py took 5.157 seconds
[2024-06-16T06:51:56.986+0000] {processor.py:161} INFO - Started process (PID=10295) to work on /opt/airflow/dags/random_api_request_w.py
[2024-06-16T06:51:56.988+0000] {processor.py:830} INFO - Processing file /opt/airflow/dags/random_api_request_w.py for tasks to queue
[2024-06-16T06:51:56.991+0000] {logging_mixin.py:188} INFO - [2024-06-16T06:51:56.989+0000] {dagbag.py:545} INFO - Filling up the DagBag from /opt/airflow/dags/random_api_request_w.py
[2024-06-16T06:51:58.363+0000] {processor.py:840} INFO - DAG(s) 'random_api' retrieved from /opt/airflow/dags/random_api_request_w.py
[2024-06-16T06:51:58.416+0000] {logging_mixin.py:188} INFO - [2024-06-16T06:51:58.415+0000] {dag.py:3096} INFO - Sync 1 DAGs
[2024-06-16T06:51:58.462+0000] {logging_mixin.py:188} INFO - [2024-06-16T06:51:58.461+0000] {dag.py:3954} INFO - Setting next_dagrun for random_api to 2024-06-16 05:05:00+00:00, run_after=2024-06-16 06:05:00+00:00
[2024-06-16T06:51:58.579+0000] {processor.py:183} INFO - Processing /opt/airflow/dags/random_api_request_w.py took 1.609 seconds
[2024-06-16T06:52:29.623+0000] {processor.py:161} INFO - Started process (PID=10336) to work on /opt/airflow/dags/random_api_request_w.py
[2024-06-16T06:52:29.624+0000] {processor.py:830} INFO - Processing file /opt/airflow/dags/random_api_request_w.py for tasks to queue
[2024-06-16T06:52:29.626+0000] {logging_mixin.py:188} INFO - [2024-06-16T06:52:29.625+0000] {dagbag.py:545} INFO - Filling up the DagBag from /opt/airflow/dags/random_api_request_w.py
[2024-06-16T06:52:31.023+0000] {processor.py:840} INFO - DAG(s) 'random_api' retrieved from /opt/airflow/dags/random_api_request_w.py
[2024-06-16T06:52:31.055+0000] {logging_mixin.py:188} INFO - [2024-06-16T06:52:31.054+0000] {dag.py:3096} INFO - Sync 1 DAGs
[2024-06-16T06:52:31.087+0000] {logging_mixin.py:188} INFO - [2024-06-16T06:52:31.087+0000] {dag.py:3954} INFO - Setting next_dagrun for random_api to 2024-06-16 05:05:00+00:00, run_after=2024-06-16 06:05:00+00:00
[2024-06-16T06:52:31.265+0000] {processor.py:183} INFO - Processing /opt/airflow/dags/random_api_request_w.py took 1.653 seconds
[2024-06-16T06:53:01.845+0000] {processor.py:161} INFO - Started process (PID=10376) to work on /opt/airflow/dags/random_api_request_w.py
[2024-06-16T06:53:01.847+0000] {processor.py:830} INFO - Processing file /opt/airflow/dags/random_api_request_w.py for tasks to queue
[2024-06-16T06:53:01.851+0000] {logging_mixin.py:188} INFO - [2024-06-16T06:53:01.849+0000] {dagbag.py:545} INFO - Filling up the DagBag from /opt/airflow/dags/random_api_request_w.py
[2024-06-16T06:53:03.035+0000] {processor.py:840} INFO - DAG(s) 'random_api' retrieved from /opt/airflow/dags/random_api_request_w.py
[2024-06-16T06:53:03.065+0000] {logging_mixin.py:188} INFO - [2024-06-16T06:53:03.064+0000] {dag.py:3096} INFO - Sync 1 DAGs
[2024-06-16T06:53:03.099+0000] {logging_mixin.py:188} INFO - [2024-06-16T06:53:03.098+0000] {dag.py:3954} INFO - Setting next_dagrun for random_api to 2024-06-16 05:05:00+00:00, run_after=2024-06-16 06:05:00+00:00
[2024-06-16T06:53:03.242+0000] {processor.py:183} INFO - Processing /opt/airflow/dags/random_api_request_w.py took 1.407 seconds
[2024-06-16T06:53:34.016+0000] {processor.py:161} INFO - Started process (PID=10416) to work on /opt/airflow/dags/random_api_request_w.py
[2024-06-16T06:53:34.017+0000] {processor.py:830} INFO - Processing file /opt/airflow/dags/random_api_request_w.py for tasks to queue
[2024-06-16T06:53:34.019+0000] {logging_mixin.py:188} INFO - [2024-06-16T06:53:34.018+0000] {dagbag.py:545} INFO - Filling up the DagBag from /opt/airflow/dags/random_api_request_w.py
[2024-06-16T06:53:35.159+0000] {processor.py:840} INFO - DAG(s) 'random_api' retrieved from /opt/airflow/dags/random_api_request_w.py
[2024-06-16T06:53:35.192+0000] {logging_mixin.py:188} INFO - [2024-06-16T06:53:35.191+0000] {dag.py:3096} INFO - Sync 1 DAGs
[2024-06-16T06:53:35.224+0000] {logging_mixin.py:188} INFO - [2024-06-16T06:53:35.223+0000] {dag.py:3954} INFO - Setting next_dagrun for random_api to 2024-06-16 05:05:00+00:00, run_after=2024-06-16 06:05:00+00:00
[2024-06-16T06:53:35.330+0000] {processor.py:183} INFO - Processing /opt/airflow/dags/random_api_request_w.py took 1.327 seconds
[2024-06-16T06:54:05.553+0000] {processor.py:161} INFO - Started process (PID=10456) to work on /opt/airflow/dags/random_api_request_w.py
[2024-06-16T06:54:05.555+0000] {processor.py:830} INFO - Processing file /opt/airflow/dags/random_api_request_w.py for tasks to queue
[2024-06-16T06:54:05.558+0000] {logging_mixin.py:188} INFO - [2024-06-16T06:54:05.558+0000] {dagbag.py:545} INFO - Filling up the DagBag from /opt/airflow/dags/random_api_request_w.py
[2024-06-16T06:54:06.689+0000] {processor.py:840} INFO - DAG(s) 'random_api' retrieved from /opt/airflow/dags/random_api_request_w.py
[2024-06-16T06:54:06.746+0000] {logging_mixin.py:188} INFO - [2024-06-16T06:54:06.745+0000] {dag.py:3096} INFO - Sync 1 DAGs
[2024-06-16T06:54:06.794+0000] {logging_mixin.py:188} INFO - [2024-06-16T06:54:06.793+0000] {dag.py:3954} INFO - Setting next_dagrun for random_api to 2024-06-16 05:05:00+00:00, run_after=2024-06-16 06:05:00+00:00
[2024-06-16T06:54:06.929+0000] {processor.py:183} INFO - Processing /opt/airflow/dags/random_api_request_w.py took 1.386 seconds
[2024-06-16T06:54:37.283+0000] {processor.py:161} INFO - Started process (PID=10496) to work on /opt/airflow/dags/random_api_request_w.py
[2024-06-16T06:54:37.286+0000] {processor.py:830} INFO - Processing file /opt/airflow/dags/random_api_request_w.py for tasks to queue
[2024-06-16T06:54:37.287+0000] {logging_mixin.py:188} INFO - [2024-06-16T06:54:37.287+0000] {dagbag.py:545} INFO - Filling up the DagBag from /opt/airflow/dags/random_api_request_w.py
[2024-06-16T06:54:38.458+0000] {processor.py:840} INFO - DAG(s) 'random_api' retrieved from /opt/airflow/dags/random_api_request_w.py
[2024-06-16T06:54:38.501+0000] {logging_mixin.py:188} INFO - [2024-06-16T06:54:38.500+0000] {dag.py:3096} INFO - Sync 1 DAGs
[2024-06-16T06:54:38.537+0000] {logging_mixin.py:188} INFO - [2024-06-16T06:54:38.537+0000] {dag.py:3954} INFO - Setting next_dagrun for random_api to 2024-06-16 05:05:00+00:00, run_after=2024-06-16 06:05:00+00:00
[2024-06-16T06:54:38.635+0000] {processor.py:183} INFO - Processing /opt/airflow/dags/random_api_request_w.py took 1.363 seconds
[2024-06-16T06:55:08.761+0000] {processor.py:161} INFO - Started process (PID=10548) to work on /opt/airflow/dags/random_api_request_w.py
[2024-06-16T06:55:08.763+0000] {processor.py:830} INFO - Processing file /opt/airflow/dags/random_api_request_w.py for tasks to queue
[2024-06-16T06:55:08.764+0000] {logging_mixin.py:188} INFO - [2024-06-16T06:55:08.764+0000] {dagbag.py:545} INFO - Filling up the DagBag from /opt/airflow/dags/random_api_request_w.py
[2024-06-16T06:55:09.855+0000] {processor.py:840} INFO - DAG(s) 'random_api' retrieved from /opt/airflow/dags/random_api_request_w.py
[2024-06-16T06:55:09.898+0000] {logging_mixin.py:188} INFO - [2024-06-16T06:55:09.897+0000] {dag.py:3096} INFO - Sync 1 DAGs
[2024-06-16T06:55:09.937+0000] {logging_mixin.py:188} INFO - [2024-06-16T06:55:09.937+0000] {dag.py:3954} INFO - Setting next_dagrun for random_api to 2024-06-16 05:05:00+00:00, run_after=2024-06-16 06:05:00+00:00
[2024-06-16T06:55:10.152+0000] {processor.py:183} INFO - Processing /opt/airflow/dags/random_api_request_w.py took 1.400 seconds
[2024-06-16T06:55:40.656+0000] {processor.py:161} INFO - Started process (PID=10606) to work on /opt/airflow/dags/random_api_request_w.py
[2024-06-16T06:55:40.658+0000] {processor.py:830} INFO - Processing file /opt/airflow/dags/random_api_request_w.py for tasks to queue
[2024-06-16T06:55:40.659+0000] {logging_mixin.py:188} INFO - [2024-06-16T06:55:40.659+0000] {dagbag.py:545} INFO - Filling up the DagBag from /opt/airflow/dags/random_api_request_w.py
[2024-06-16T06:55:41.758+0000] {processor.py:840} INFO - DAG(s) 'random_api' retrieved from /opt/airflow/dags/random_api_request_w.py
[2024-06-16T06:55:41.792+0000] {logging_mixin.py:188} INFO - [2024-06-16T06:55:41.792+0000] {dag.py:3096} INFO - Sync 1 DAGs
[2024-06-16T06:55:41.824+0000] {logging_mixin.py:188} INFO - [2024-06-16T06:55:41.823+0000] {dag.py:3954} INFO - Setting next_dagrun for random_api to 2024-06-16 05:05:00+00:00, run_after=2024-06-16 06:05:00+00:00
[2024-06-16T06:55:41.917+0000] {processor.py:183} INFO - Processing /opt/airflow/dags/random_api_request_w.py took 1.269 seconds
[2024-06-16T06:56:12.014+0000] {processor.py:161} INFO - Started process (PID=10652) to work on /opt/airflow/dags/random_api_request_w.py
[2024-06-16T06:56:12.016+0000] {processor.py:830} INFO - Processing file /opt/airflow/dags/random_api_request_w.py for tasks to queue
[2024-06-16T06:56:12.017+0000] {logging_mixin.py:188} INFO - [2024-06-16T06:56:12.017+0000] {dagbag.py:545} INFO - Filling up the DagBag from /opt/airflow/dags/random_api_request_w.py
[2024-06-16T06:56:13.304+0000] {processor.py:840} INFO - DAG(s) 'random_api' retrieved from /opt/airflow/dags/random_api_request_w.py
[2024-06-16T06:56:13.353+0000] {logging_mixin.py:188} INFO - [2024-06-16T06:56:13.352+0000] {dag.py:3096} INFO - Sync 1 DAGs
[2024-06-16T06:56:13.402+0000] {logging_mixin.py:188} INFO - [2024-06-16T06:56:13.402+0000] {dag.py:3954} INFO - Setting next_dagrun for random_api to 2024-06-16 05:05:00+00:00, run_after=2024-06-16 06:05:00+00:00
[2024-06-16T06:56:13.479+0000] {processor.py:183} INFO - Processing /opt/airflow/dags/random_api_request_w.py took 1.473 seconds
[2024-06-16T06:56:43.988+0000] {processor.py:161} INFO - Started process (PID=10692) to work on /opt/airflow/dags/random_api_request_w.py
[2024-06-16T06:56:43.990+0000] {processor.py:830} INFO - Processing file /opt/airflow/dags/random_api_request_w.py for tasks to queue
[2024-06-16T06:56:43.992+0000] {logging_mixin.py:188} INFO - [2024-06-16T06:56:43.991+0000] {dagbag.py:545} INFO - Filling up the DagBag from /opt/airflow/dags/random_api_request_w.py
[2024-06-16T06:56:45.065+0000] {processor.py:840} INFO - DAG(s) 'random_api' retrieved from /opt/airflow/dags/random_api_request_w.py
[2024-06-16T06:56:45.096+0000] {logging_mixin.py:188} INFO - [2024-06-16T06:56:45.096+0000] {dag.py:3096} INFO - Sync 1 DAGs
[2024-06-16T06:56:45.127+0000] {logging_mixin.py:188} INFO - [2024-06-16T06:56:45.127+0000] {dag.py:3954} INFO - Setting next_dagrun for random_api to 2024-06-16 05:05:00+00:00, run_after=2024-06-16 06:05:00+00:00
[2024-06-16T06:56:45.286+0000] {processor.py:183} INFO - Processing /opt/airflow/dags/random_api_request_w.py took 1.308 seconds
[2024-06-16T06:57:15.793+0000] {processor.py:161} INFO - Started process (PID=10738) to work on /opt/airflow/dags/random_api_request_w.py
[2024-06-16T06:57:15.794+0000] {processor.py:830} INFO - Processing file /opt/airflow/dags/random_api_request_w.py for tasks to queue
[2024-06-16T06:57:15.796+0000] {logging_mixin.py:188} INFO - [2024-06-16T06:57:15.795+0000] {dagbag.py:545} INFO - Filling up the DagBag from /opt/airflow/dags/random_api_request_w.py
[2024-06-16T06:57:16.880+0000] {processor.py:840} INFO - DAG(s) 'random_api' retrieved from /opt/airflow/dags/random_api_request_w.py
[2024-06-16T06:57:16.924+0000] {logging_mixin.py:188} INFO - [2024-06-16T06:57:16.923+0000] {dag.py:3096} INFO - Sync 1 DAGs
[2024-06-16T06:57:16.957+0000] {logging_mixin.py:188} INFO - [2024-06-16T06:57:16.956+0000] {dag.py:3954} INFO - Setting next_dagrun for random_api to 2024-06-16 05:05:00+00:00, run_after=2024-06-16 06:05:00+00:00
[2024-06-16T06:57:17.155+0000] {processor.py:183} INFO - Processing /opt/airflow/dags/random_api_request_w.py took 1.371 seconds
[2024-06-16T06:57:47.392+0000] {processor.py:161} INFO - Started process (PID=10778) to work on /opt/airflow/dags/random_api_request_w.py
[2024-06-16T06:57:47.393+0000] {processor.py:830} INFO - Processing file /opt/airflow/dags/random_api_request_w.py for tasks to queue
[2024-06-16T06:57:47.395+0000] {logging_mixin.py:188} INFO - [2024-06-16T06:57:47.394+0000] {dagbag.py:545} INFO - Filling up the DagBag from /opt/airflow/dags/random_api_request_w.py
[2024-06-16T06:57:48.564+0000] {processor.py:840} INFO - DAG(s) 'random_api' retrieved from /opt/airflow/dags/random_api_request_w.py
[2024-06-16T06:57:48.605+0000] {logging_mixin.py:188} INFO - [2024-06-16T06:57:48.605+0000] {dag.py:3096} INFO - Sync 1 DAGs
[2024-06-16T06:57:48.640+0000] {logging_mixin.py:188} INFO - [2024-06-16T06:57:48.640+0000] {dag.py:3954} INFO - Setting next_dagrun for random_api to 2024-06-16 05:05:00+00:00, run_after=2024-06-16 06:05:00+00:00
[2024-06-16T06:57:48.828+0000] {processor.py:183} INFO - Processing /opt/airflow/dags/random_api_request_w.py took 1.445 seconds
[2024-06-16T06:58:19.832+0000] {processor.py:161} INFO - Started process (PID=10828) to work on /opt/airflow/dags/random_api_request_w.py
[2024-06-16T06:58:19.855+0000] {processor.py:830} INFO - Processing file /opt/airflow/dags/random_api_request_w.py for tasks to queue
[2024-06-16T06:58:19.857+0000] {logging_mixin.py:188} INFO - [2024-06-16T06:58:19.857+0000] {dagbag.py:545} INFO - Filling up the DagBag from /opt/airflow/dags/random_api_request_w.py
[2024-06-16T06:58:21.737+0000] {processor.py:840} INFO - DAG(s) 'random_api' retrieved from /opt/airflow/dags/random_api_request_w.py
[2024-06-16T06:58:21.777+0000] {logging_mixin.py:188} INFO - [2024-06-16T06:58:21.777+0000] {dag.py:3096} INFO - Sync 1 DAGs
[2024-06-16T06:58:21.811+0000] {logging_mixin.py:188} INFO - [2024-06-16T06:58:21.810+0000] {dag.py:3954} INFO - Setting next_dagrun for random_api to 2024-06-16 05:05:00+00:00, run_after=2024-06-16 06:05:00+00:00
[2024-06-16T06:58:24.184+0000] {processor.py:183} INFO - Processing /opt/airflow/dags/random_api_request_w.py took 4.383 seconds
[2024-06-16T06:58:54.957+0000] {processor.py:161} INFO - Started process (PID=10880) to work on /opt/airflow/dags/random_api_request_w.py
[2024-06-16T06:58:54.967+0000] {processor.py:830} INFO - Processing file /opt/airflow/dags/random_api_request_w.py for tasks to queue
[2024-06-16T06:58:54.974+0000] {logging_mixin.py:188} INFO - [2024-06-16T06:58:54.973+0000] {dagbag.py:545} INFO - Filling up the DagBag from /opt/airflow/dags/random_api_request_w.py
[2024-06-16T06:58:56.186+0000] {processor.py:840} INFO - DAG(s) 'random_api' retrieved from /opt/airflow/dags/random_api_request_w.py
[2024-06-16T06:58:56.218+0000] {logging_mixin.py:188} INFO - [2024-06-16T06:58:56.217+0000] {dag.py:3096} INFO - Sync 1 DAGs
[2024-06-16T06:58:56.261+0000] {logging_mixin.py:188} INFO - [2024-06-16T06:58:56.261+0000] {dag.py:3954} INFO - Setting next_dagrun for random_api to 2024-06-16 05:05:00+00:00, run_after=2024-06-16 06:05:00+00:00
[2024-06-16T06:58:57.347+0000] {processor.py:183} INFO - Processing /opt/airflow/dags/random_api_request_w.py took 2.424 seconds
[2024-06-16T06:59:27.919+0000] {processor.py:161} INFO - Started process (PID=10919) to work on /opt/airflow/dags/random_api_request_w.py
[2024-06-16T06:59:27.921+0000] {processor.py:830} INFO - Processing file /opt/airflow/dags/random_api_request_w.py for tasks to queue
[2024-06-16T06:59:27.922+0000] {logging_mixin.py:188} INFO - [2024-06-16T06:59:27.922+0000] {dagbag.py:545} INFO - Filling up the DagBag from /opt/airflow/dags/random_api_request_w.py
[2024-06-16T06:59:29.011+0000] {processor.py:840} INFO - DAG(s) 'random_api' retrieved from /opt/airflow/dags/random_api_request_w.py
[2024-06-16T06:59:29.042+0000] {logging_mixin.py:188} INFO - [2024-06-16T06:59:29.041+0000] {dag.py:3096} INFO - Sync 1 DAGs
[2024-06-16T06:59:29.074+0000] {logging_mixin.py:188} INFO - [2024-06-16T06:59:29.073+0000] {dag.py:3954} INFO - Setting next_dagrun for random_api to 2024-06-16 05:05:00+00:00, run_after=2024-06-16 06:05:00+00:00
[2024-06-16T06:59:29.305+0000] {processor.py:183} INFO - Processing /opt/airflow/dags/random_api_request_w.py took 1.395 seconds
[2024-06-16T07:00:01.046+0000] {processor.py:161} INFO - Started process (PID=10959) to work on /opt/airflow/dags/random_api_request_w.py
[2024-06-16T07:00:01.047+0000] {processor.py:830} INFO - Processing file /opt/airflow/dags/random_api_request_w.py for tasks to queue
[2024-06-16T07:00:01.049+0000] {logging_mixin.py:188} INFO - [2024-06-16T07:00:01.048+0000] {dagbag.py:545} INFO - Filling up the DagBag from /opt/airflow/dags/random_api_request_w.py
[2024-06-16T07:00:09.573+0000] {processor.py:840} INFO - DAG(s) 'random_api' retrieved from /opt/airflow/dags/random_api_request_w.py
[2024-06-16T07:00:09.657+0000] {logging_mixin.py:188} INFO - [2024-06-16T07:00:09.656+0000] {dag.py:3096} INFO - Sync 1 DAGs
[2024-06-16T07:00:09.741+0000] {logging_mixin.py:188} INFO - [2024-06-16T07:00:09.741+0000] {dag.py:3954} INFO - Setting next_dagrun for random_api to 2024-06-16 05:05:00+00:00, run_after=2024-06-16 06:05:00+00:00
[2024-06-16T07:00:10.099+0000] {processor.py:183} INFO - Processing /opt/airflow/dags/random_api_request_w.py took 9.065 seconds
[2024-06-16T07:00:40.737+0000] {processor.py:161} INFO - Started process (PID=11027) to work on /opt/airflow/dags/random_api_request_w.py
[2024-06-16T07:00:40.922+0000] {processor.py:830} INFO - Processing file /opt/airflow/dags/random_api_request_w.py for tasks to queue
[2024-06-16T07:00:40.923+0000] {logging_mixin.py:188} INFO - [2024-06-16T07:00:40.923+0000] {dagbag.py:545} INFO - Filling up the DagBag from /opt/airflow/dags/random_api_request_w.py
[2024-06-16T07:00:42.066+0000] {processor.py:840} INFO - DAG(s) 'random_api' retrieved from /opt/airflow/dags/random_api_request_w.py
[2024-06-16T07:00:42.100+0000] {logging_mixin.py:188} INFO - [2024-06-16T07:00:42.099+0000] {dag.py:3096} INFO - Sync 1 DAGs
[2024-06-16T07:00:42.137+0000] {logging_mixin.py:188} INFO - [2024-06-16T07:00:42.137+0000] {dag.py:3954} INFO - Setting next_dagrun for random_api to 2024-06-16 05:05:00+00:00, run_after=2024-06-16 06:05:00+00:00
[2024-06-16T07:00:42.564+0000] {processor.py:183} INFO - Processing /opt/airflow/dags/random_api_request_w.py took 1.835 seconds
[2024-06-16T07:01:12.966+0000] {processor.py:161} INFO - Started process (PID=11068) to work on /opt/airflow/dags/random_api_request_w.py
[2024-06-16T07:01:12.967+0000] {processor.py:830} INFO - Processing file /opt/airflow/dags/random_api_request_w.py for tasks to queue
[2024-06-16T07:01:12.969+0000] {logging_mixin.py:188} INFO - [2024-06-16T07:01:12.968+0000] {dagbag.py:545} INFO - Filling up the DagBag from /opt/airflow/dags/random_api_request_w.py
[2024-06-16T07:01:15.981+0000] {processor.py:840} INFO - DAG(s) 'random_api' retrieved from /opt/airflow/dags/random_api_request_w.py
[2024-06-16T07:01:16.020+0000] {logging_mixin.py:188} INFO - [2024-06-16T07:01:16.019+0000] {dag.py:3096} INFO - Sync 1 DAGs
[2024-06-16T07:01:16.063+0000] {logging_mixin.py:188} INFO - [2024-06-16T07:01:16.062+0000] {dag.py:3954} INFO - Setting next_dagrun for random_api to 2024-06-16 05:05:00+00:00, run_after=2024-06-16 06:05:00+00:00
[2024-06-16T07:01:16.509+0000] {processor.py:183} INFO - Processing /opt/airflow/dags/random_api_request_w.py took 3.552 seconds
[2024-06-16T07:02:13.698+0000] {processor.py:161} INFO - Started process (PID=11119) to work on /opt/airflow/dags/random_api_request_w.py
[2024-06-16T07:02:13.714+0000] {processor.py:830} INFO - Processing file /opt/airflow/dags/random_api_request_w.py for tasks to queue
[2024-06-16T07:02:13.723+0000] {logging_mixin.py:188} INFO - [2024-06-16T07:02:13.720+0000] {dagbag.py:545} INFO - Filling up the DagBag from /opt/airflow/dags/random_api_request_w.py
[2024-06-16T07:02:21.535+0000] {processor.py:840} INFO - DAG(s) 'random_api' retrieved from /opt/airflow/dags/random_api_request_w.py
[2024-06-16T07:02:22.795+0000] {logging_mixin.py:188} INFO - [2024-06-16T07:02:22.794+0000] {dag.py:3096} INFO - Sync 1 DAGs
[2024-06-16T07:02:25.956+0000] {logging_mixin.py:188} INFO - [2024-06-16T07:02:25.956+0000] {dag.py:3954} INFO - Setting next_dagrun for random_api to 2024-06-16 05:05:00+00:00, run_after=2024-06-16 06:05:00+00:00
[2024-06-16T07:02:31.751+0000] {processor.py:183} INFO - Processing /opt/airflow/dags/random_api_request_w.py took 18.073 seconds
[2024-06-16T07:03:03.827+0000] {processor.py:161} INFO - Started process (PID=11161) to work on /opt/airflow/dags/random_api_request_w.py
[2024-06-16T07:03:04.012+0000] {processor.py:830} INFO - Processing file /opt/airflow/dags/random_api_request_w.py for tasks to queue
[2024-06-16T07:03:04.014+0000] {logging_mixin.py:188} INFO - [2024-06-16T07:03:04.013+0000] {dagbag.py:545} INFO - Filling up the DagBag from /opt/airflow/dags/random_api_request_w.py
[2024-06-16T07:03:13.675+0000] {processor.py:840} INFO - DAG(s) 'random_api' retrieved from /opt/airflow/dags/random_api_request_w.py
[2024-06-16T07:03:14.620+0000] {logging_mixin.py:188} INFO - [2024-06-16T07:03:14.618+0000] {dag.py:3096} INFO - Sync 1 DAGs
[2024-06-16T07:03:14.667+0000] {logging_mixin.py:188} INFO - [2024-06-16T07:03:14.667+0000] {dag.py:3954} INFO - Setting next_dagrun for random_api to 2024-06-16 05:05:00+00:00, run_after=2024-06-16 06:05:00+00:00
[2024-06-16T07:03:17.281+0000] {processor.py:183} INFO - Processing /opt/airflow/dags/random_api_request_w.py took 13.467 seconds
[2024-06-16T07:03:47.486+0000] {processor.py:161} INFO - Started process (PID=11203) to work on /opt/airflow/dags/random_api_request_w.py
[2024-06-16T07:03:47.488+0000] {processor.py:830} INFO - Processing file /opt/airflow/dags/random_api_request_w.py for tasks to queue
[2024-06-16T07:03:47.490+0000] {logging_mixin.py:188} INFO - [2024-06-16T07:03:47.489+0000] {dagbag.py:545} INFO - Filling up the DagBag from /opt/airflow/dags/random_api_request_w.py
[2024-06-16T07:03:48.688+0000] {processor.py:840} INFO - DAG(s) 'random_api' retrieved from /opt/airflow/dags/random_api_request_w.py
[2024-06-16T07:03:48.745+0000] {logging_mixin.py:188} INFO - [2024-06-16T07:03:48.743+0000] {dag.py:3096} INFO - Sync 1 DAGs
[2024-06-16T07:03:48.827+0000] {logging_mixin.py:188} INFO - [2024-06-16T07:03:48.827+0000] {dag.py:3954} INFO - Setting next_dagrun for random_api to 2024-06-16 05:05:00+00:00, run_after=2024-06-16 06:05:00+00:00
[2024-06-16T07:03:49.722+0000] {processor.py:183} INFO - Processing /opt/airflow/dags/random_api_request_w.py took 2.248 seconds
[2024-06-16T07:04:20.069+0000] {processor.py:161} INFO - Started process (PID=11243) to work on /opt/airflow/dags/random_api_request_w.py
[2024-06-16T07:04:20.070+0000] {processor.py:830} INFO - Processing file /opt/airflow/dags/random_api_request_w.py for tasks to queue
[2024-06-16T07:04:20.072+0000] {logging_mixin.py:188} INFO - [2024-06-16T07:04:20.071+0000] {dagbag.py:545} INFO - Filling up the DagBag from /opt/airflow/dags/random_api_request_w.py
[2024-06-16T07:04:21.691+0000] {processor.py:840} INFO - DAG(s) 'random_api' retrieved from /opt/airflow/dags/random_api_request_w.py
[2024-06-16T07:04:21.721+0000] {logging_mixin.py:188} INFO - [2024-06-16T07:04:21.720+0000] {dag.py:3096} INFO - Sync 1 DAGs
[2024-06-16T07:04:21.752+0000] {logging_mixin.py:188} INFO - [2024-06-16T07:04:21.752+0000] {dag.py:3954} INFO - Setting next_dagrun for random_api to 2024-06-16 05:05:00+00:00, run_after=2024-06-16 06:05:00+00:00
[2024-06-16T07:04:23.795+0000] {processor.py:183} INFO - Processing /opt/airflow/dags/random_api_request_w.py took 3.738 seconds
[2024-06-16T07:04:53.984+0000] {processor.py:161} INFO - Started process (PID=11282) to work on /opt/airflow/dags/random_api_request_w.py
[2024-06-16T07:04:54.053+0000] {processor.py:830} INFO - Processing file /opt/airflow/dags/random_api_request_w.py for tasks to queue
[2024-06-16T07:04:54.055+0000] {logging_mixin.py:188} INFO - [2024-06-16T07:04:54.054+0000] {dagbag.py:545} INFO - Filling up the DagBag from /opt/airflow/dags/random_api_request_w.py
[2024-06-16T07:04:55.960+0000] {processor.py:840} INFO - DAG(s) 'random_api' retrieved from /opt/airflow/dags/random_api_request_w.py
[2024-06-16T07:04:56.028+0000] {logging_mixin.py:188} INFO - [2024-06-16T07:04:56.025+0000] {dag.py:3096} INFO - Sync 1 DAGs
[2024-06-16T07:04:56.094+0000] {logging_mixin.py:188} INFO - [2024-06-16T07:04:56.089+0000] {dag.py:3954} INFO - Setting next_dagrun for random_api to 2024-06-16 05:05:00+00:00, run_after=2024-06-16 06:05:00+00:00
[2024-06-16T07:04:56.435+0000] {processor.py:183} INFO - Processing /opt/airflow/dags/random_api_request_w.py took 2.463 seconds
[2024-06-16T07:05:27.625+0000] {processor.py:161} INFO - Started process (PID=11339) to work on /opt/airflow/dags/random_api_request_w.py
[2024-06-16T07:05:27.627+0000] {processor.py:830} INFO - Processing file /opt/airflow/dags/random_api_request_w.py for tasks to queue
[2024-06-16T07:05:27.628+0000] {logging_mixin.py:188} INFO - [2024-06-16T07:05:27.628+0000] {dagbag.py:545} INFO - Filling up the DagBag from /opt/airflow/dags/random_api_request_w.py
[2024-06-16T07:05:29.111+0000] {processor.py:840} INFO - DAG(s) 'random_api' retrieved from /opt/airflow/dags/random_api_request_w.py
[2024-06-16T07:05:29.156+0000] {logging_mixin.py:188} INFO - [2024-06-16T07:05:29.150+0000] {dag.py:3096} INFO - Sync 1 DAGs
[2024-06-16T07:05:29.200+0000] {logging_mixin.py:188} INFO - [2024-06-16T07:05:29.200+0000] {dag.py:3954} INFO - Setting next_dagrun for random_api to 2024-06-16 06:05:00+00:00, run_after=2024-06-16 07:05:00+00:00
[2024-06-16T07:05:29.517+0000] {processor.py:183} INFO - Processing /opt/airflow/dags/random_api_request_w.py took 1.900 seconds
[2024-06-16T07:05:59.689+0000] {processor.py:161} INFO - Started process (PID=11386) to work on /opt/airflow/dags/random_api_request_w.py
[2024-06-16T07:05:59.690+0000] {processor.py:830} INFO - Processing file /opt/airflow/dags/random_api_request_w.py for tasks to queue
[2024-06-16T07:05:59.692+0000] {logging_mixin.py:188} INFO - [2024-06-16T07:05:59.691+0000] {dagbag.py:545} INFO - Filling up the DagBag from /opt/airflow/dags/random_api_request_w.py
[2024-06-16T07:06:01.022+0000] {processor.py:840} INFO - DAG(s) 'random_api' retrieved from /opt/airflow/dags/random_api_request_w.py
[2024-06-16T07:06:01.066+0000] {logging_mixin.py:188} INFO - [2024-06-16T07:06:01.065+0000] {dag.py:3096} INFO - Sync 1 DAGs
[2024-06-16T07:06:01.102+0000] {logging_mixin.py:188} INFO - [2024-06-16T07:06:01.102+0000] {dag.py:3954} INFO - Setting next_dagrun for random_api to 2024-06-16 06:05:00+00:00, run_after=2024-06-16 07:05:00+00:00
[2024-06-16T07:06:02.005+0000] {processor.py:183} INFO - Processing /opt/airflow/dags/random_api_request_w.py took 2.325 seconds
[2024-06-16T07:06:32.198+0000] {processor.py:161} INFO - Started process (PID=11432) to work on /opt/airflow/dags/random_api_request_w.py
[2024-06-16T07:06:32.199+0000] {processor.py:830} INFO - Processing file /opt/airflow/dags/random_api_request_w.py for tasks to queue
[2024-06-16T07:06:32.201+0000] {logging_mixin.py:188} INFO - [2024-06-16T07:06:32.201+0000] {dagbag.py:545} INFO - Filling up the DagBag from /opt/airflow/dags/random_api_request_w.py
[2024-06-16T07:06:35.014+0000] {processor.py:840} INFO - DAG(s) 'random_api' retrieved from /opt/airflow/dags/random_api_request_w.py
[2024-06-16T07:06:35.487+0000] {logging_mixin.py:188} INFO - [2024-06-16T07:06:35.487+0000] {dag.py:3096} INFO - Sync 1 DAGs
[2024-06-16T07:06:36.014+0000] {logging_mixin.py:188} INFO - [2024-06-16T07:06:36.014+0000] {dag.py:3954} INFO - Setting next_dagrun for random_api to 2024-06-16 06:05:00+00:00, run_after=2024-06-16 07:05:00+00:00
[2024-06-16T07:06:36.699+0000] {processor.py:183} INFO - Processing /opt/airflow/dags/random_api_request_w.py took 4.510 seconds
[2024-06-16T07:07:06.936+0000] {processor.py:161} INFO - Started process (PID=11483) to work on /opt/airflow/dags/random_api_request_w.py
[2024-06-16T07:07:06.938+0000] {processor.py:830} INFO - Processing file /opt/airflow/dags/random_api_request_w.py for tasks to queue
[2024-06-16T07:07:06.939+0000] {logging_mixin.py:188} INFO - [2024-06-16T07:07:06.939+0000] {dagbag.py:545} INFO - Filling up the DagBag from /opt/airflow/dags/random_api_request_w.py
[2024-06-16T07:07:09.660+0000] {processor.py:840} INFO - DAG(s) 'random_api' retrieved from /opt/airflow/dags/random_api_request_w.py
[2024-06-16T07:07:10.796+0000] {logging_mixin.py:188} INFO - [2024-06-16T07:07:10.794+0000] {dag.py:3096} INFO - Sync 1 DAGs
[2024-06-16T07:07:10.907+0000] {logging_mixin.py:188} INFO - [2024-06-16T07:07:10.907+0000] {dag.py:3954} INFO - Setting next_dagrun for random_api to 2024-06-16 06:05:00+00:00, run_after=2024-06-16 07:05:00+00:00
[2024-06-16T07:07:11.820+0000] {processor.py:183} INFO - Processing /opt/airflow/dags/random_api_request_w.py took 4.893 seconds
[2024-06-16T07:07:42.084+0000] {processor.py:161} INFO - Started process (PID=11532) to work on /opt/airflow/dags/random_api_request_w.py
[2024-06-16T07:07:42.086+0000] {processor.py:830} INFO - Processing file /opt/airflow/dags/random_api_request_w.py for tasks to queue
[2024-06-16T07:07:42.088+0000] {logging_mixin.py:188} INFO - [2024-06-16T07:07:42.087+0000] {dagbag.py:545} INFO - Filling up the DagBag from /opt/airflow/dags/random_api_request_w.py
[2024-06-16T07:07:43.474+0000] {processor.py:840} INFO - DAG(s) 'random_api' retrieved from /opt/airflow/dags/random_api_request_w.py
[2024-06-16T07:07:43.604+0000] {logging_mixin.py:188} INFO - [2024-06-16T07:07:43.603+0000] {dag.py:3096} INFO - Sync 1 DAGs
[2024-06-16T07:07:43.661+0000] {logging_mixin.py:188} INFO - [2024-06-16T07:07:43.661+0000] {dag.py:3954} INFO - Setting next_dagrun for random_api to 2024-06-16 06:05:00+00:00, run_after=2024-06-16 07:05:00+00:00
[2024-06-16T07:07:43.996+0000] {processor.py:183} INFO - Processing /opt/airflow/dags/random_api_request_w.py took 1.923 seconds
[2024-06-16T07:08:14.630+0000] {processor.py:161} INFO - Started process (PID=11585) to work on /opt/airflow/dags/random_api_request_w.py
[2024-06-16T07:08:14.632+0000] {processor.py:830} INFO - Processing file /opt/airflow/dags/random_api_request_w.py for tasks to queue
[2024-06-16T07:08:14.633+0000] {logging_mixin.py:188} INFO - [2024-06-16T07:08:14.633+0000] {dagbag.py:545} INFO - Filling up the DagBag from /opt/airflow/dags/random_api_request_w.py
[2024-06-16T07:08:15.914+0000] {processor.py:840} INFO - DAG(s) 'random_api' retrieved from /opt/airflow/dags/random_api_request_w.py
[2024-06-16T07:08:15.957+0000] {logging_mixin.py:188} INFO - [2024-06-16T07:08:15.956+0000] {dag.py:3096} INFO - Sync 1 DAGs
[2024-06-16T07:08:16.010+0000] {logging_mixin.py:188} INFO - [2024-06-16T07:08:16.010+0000] {dag.py:3954} INFO - Setting next_dagrun for random_api to 2024-06-16 06:05:00+00:00, run_after=2024-06-16 07:05:00+00:00
[2024-06-16T07:08:16.090+0000] {processor.py:183} INFO - Processing /opt/airflow/dags/random_api_request_w.py took 1.473 seconds
[2024-06-16T07:08:46.599+0000] {processor.py:161} INFO - Started process (PID=11631) to work on /opt/airflow/dags/random_api_request_w.py
[2024-06-16T07:08:46.600+0000] {processor.py:830} INFO - Processing file /opt/airflow/dags/random_api_request_w.py for tasks to queue
[2024-06-16T07:08:46.602+0000] {logging_mixin.py:188} INFO - [2024-06-16T07:08:46.601+0000] {dagbag.py:545} INFO - Filling up the DagBag from /opt/airflow/dags/random_api_request_w.py
[2024-06-16T07:08:48.072+0000] {processor.py:840} INFO - DAG(s) 'random_api' retrieved from /opt/airflow/dags/random_api_request_w.py
[2024-06-16T07:08:48.121+0000] {logging_mixin.py:188} INFO - [2024-06-16T07:08:48.119+0000] {dag.py:3096} INFO - Sync 1 DAGs
[2024-06-16T07:08:48.169+0000] {logging_mixin.py:188} INFO - [2024-06-16T07:08:48.169+0000] {dag.py:3954} INFO - Setting next_dagrun for random_api to 2024-06-16 06:05:00+00:00, run_after=2024-06-16 07:05:00+00:00
[2024-06-16T07:08:48.358+0000] {processor.py:183} INFO - Processing /opt/airflow/dags/random_api_request_w.py took 1.770 seconds
[2024-06-16T07:09:19.008+0000] {processor.py:161} INFO - Started process (PID=11689) to work on /opt/airflow/dags/random_api_request_w.py
[2024-06-16T07:09:19.009+0000] {processor.py:830} INFO - Processing file /opt/airflow/dags/random_api_request_w.py for tasks to queue
[2024-06-16T07:09:19.011+0000] {logging_mixin.py:188} INFO - [2024-06-16T07:09:19.011+0000] {dagbag.py:545} INFO - Filling up the DagBag from /opt/airflow/dags/random_api_request_w.py
[2024-06-16T07:09:20.686+0000] {processor.py:840} INFO - DAG(s) 'random_api' retrieved from /opt/airflow/dags/random_api_request_w.py
[2024-06-16T07:09:20.722+0000] {logging_mixin.py:188} INFO - [2024-06-16T07:09:20.721+0000] {dag.py:3096} INFO - Sync 1 DAGs
[2024-06-16T07:09:20.767+0000] {logging_mixin.py:188} INFO - [2024-06-16T07:09:20.766+0000] {dag.py:3954} INFO - Setting next_dagrun for random_api to 2024-06-16 06:05:00+00:00, run_after=2024-06-16 07:05:00+00:00
[2024-06-16T07:09:20.949+0000] {processor.py:183} INFO - Processing /opt/airflow/dags/random_api_request_w.py took 1.951 seconds
[2024-06-16T07:09:51.339+0000] {processor.py:161} INFO - Started process (PID=11741) to work on /opt/airflow/dags/random_api_request_w.py
[2024-06-16T07:09:51.341+0000] {processor.py:830} INFO - Processing file /opt/airflow/dags/random_api_request_w.py for tasks to queue
[2024-06-16T07:09:51.342+0000] {logging_mixin.py:188} INFO - [2024-06-16T07:09:51.342+0000] {dagbag.py:545} INFO - Filling up the DagBag from /opt/airflow/dags/random_api_request_w.py
[2024-06-16T07:09:52.404+0000] {processor.py:840} INFO - DAG(s) 'random_api' retrieved from /opt/airflow/dags/random_api_request_w.py
[2024-06-16T07:09:52.450+0000] {logging_mixin.py:188} INFO - [2024-06-16T07:09:52.449+0000] {dag.py:3096} INFO - Sync 1 DAGs
[2024-06-16T07:09:52.613+0000] {logging_mixin.py:188} INFO - [2024-06-16T07:09:52.612+0000] {dag.py:3954} INFO - Setting next_dagrun for random_api to 2024-06-16 06:05:00+00:00, run_after=2024-06-16 07:05:00+00:00
[2024-06-16T07:09:53.037+0000] {processor.py:183} INFO - Processing /opt/airflow/dags/random_api_request_w.py took 1.708 seconds
[2024-06-16T07:10:23.157+0000] {processor.py:161} INFO - Started process (PID=11789) to work on /opt/airflow/dags/random_api_request_w.py
[2024-06-16T07:10:23.159+0000] {processor.py:830} INFO - Processing file /opt/airflow/dags/random_api_request_w.py for tasks to queue
[2024-06-16T07:10:23.160+0000] {logging_mixin.py:188} INFO - [2024-06-16T07:10:23.160+0000] {dagbag.py:545} INFO - Filling up the DagBag from /opt/airflow/dags/random_api_request_w.py
[2024-06-16T07:10:24.496+0000] {processor.py:840} INFO - DAG(s) 'random_api' retrieved from /opt/airflow/dags/random_api_request_w.py
[2024-06-16T07:10:24.532+0000] {logging_mixin.py:188} INFO - [2024-06-16T07:10:24.530+0000] {dag.py:3096} INFO - Sync 1 DAGs
[2024-06-16T07:10:24.570+0000] {logging_mixin.py:188} INFO - [2024-06-16T07:10:24.569+0000] {dag.py:3954} INFO - Setting next_dagrun for random_api to 2024-06-16 06:05:00+00:00, run_after=2024-06-16 07:05:00+00:00
[2024-06-16T07:10:24.645+0000] {processor.py:183} INFO - Processing /opt/airflow/dags/random_api_request_w.py took 1.501 seconds
[2024-06-16T07:10:54.965+0000] {processor.py:161} INFO - Started process (PID=11847) to work on /opt/airflow/dags/random_api_request_w.py
[2024-06-16T07:10:54.966+0000] {processor.py:830} INFO - Processing file /opt/airflow/dags/random_api_request_w.py for tasks to queue
[2024-06-16T07:10:54.968+0000] {logging_mixin.py:188} INFO - [2024-06-16T07:10:54.967+0000] {dagbag.py:545} INFO - Filling up the DagBag from /opt/airflow/dags/random_api_request_w.py
[2024-06-16T07:10:56.395+0000] {processor.py:840} INFO - DAG(s) 'random_api' retrieved from /opt/airflow/dags/random_api_request_w.py
[2024-06-16T07:10:56.423+0000] {logging_mixin.py:188} INFO - [2024-06-16T07:10:56.422+0000] {dag.py:3096} INFO - Sync 1 DAGs
[2024-06-16T07:10:56.453+0000] {logging_mixin.py:188} INFO - [2024-06-16T07:10:56.452+0000] {dag.py:3954} INFO - Setting next_dagrun for random_api to 2024-06-16 06:05:00+00:00, run_after=2024-06-16 07:05:00+00:00
[2024-06-16T07:10:56.553+0000] {processor.py:183} INFO - Processing /opt/airflow/dags/random_api_request_w.py took 1.599 seconds
[2024-06-16T07:11:27.325+0000] {processor.py:161} INFO - Started process (PID=11893) to work on /opt/airflow/dags/random_api_request_w.py
[2024-06-16T07:11:27.327+0000] {processor.py:830} INFO - Processing file /opt/airflow/dags/random_api_request_w.py for tasks to queue
[2024-06-16T07:11:27.329+0000] {logging_mixin.py:188} INFO - [2024-06-16T07:11:27.328+0000] {dagbag.py:545} INFO - Filling up the DagBag from /opt/airflow/dags/random_api_request_w.py
[2024-06-16T07:11:28.665+0000] {processor.py:840} INFO - DAG(s) 'random_api' retrieved from /opt/airflow/dags/random_api_request_w.py
[2024-06-16T07:11:28.728+0000] {logging_mixin.py:188} INFO - [2024-06-16T07:11:28.724+0000] {dag.py:3096} INFO - Sync 1 DAGs
[2024-06-16T07:11:28.771+0000] {logging_mixin.py:188} INFO - [2024-06-16T07:11:28.770+0000] {dag.py:3954} INFO - Setting next_dagrun for random_api to 2024-06-16 06:05:00+00:00, run_after=2024-06-16 07:05:00+00:00
[2024-06-16T07:11:28.896+0000] {processor.py:183} INFO - Processing /opt/airflow/dags/random_api_request_w.py took 1.581 seconds
[2024-06-16T07:11:59.735+0000] {processor.py:161} INFO - Started process (PID=11938) to work on /opt/airflow/dags/random_api_request_w.py
[2024-06-16T07:11:59.738+0000] {processor.py:830} INFO - Processing file /opt/airflow/dags/random_api_request_w.py for tasks to queue
[2024-06-16T07:11:59.739+0000] {logging_mixin.py:188} INFO - [2024-06-16T07:11:59.739+0000] {dagbag.py:545} INFO - Filling up the DagBag from /opt/airflow/dags/random_api_request_w.py
[2024-06-16T07:12:01.185+0000] {processor.py:840} INFO - DAG(s) 'random_api' retrieved from /opt/airflow/dags/random_api_request_w.py
[2024-06-16T07:12:01.240+0000] {logging_mixin.py:188} INFO - [2024-06-16T07:12:01.239+0000] {dag.py:3096} INFO - Sync 1 DAGs
[2024-06-16T07:12:01.283+0000] {logging_mixin.py:188} INFO - [2024-06-16T07:12:01.282+0000] {dag.py:3954} INFO - Setting next_dagrun for random_api to 2024-06-16 06:05:00+00:00, run_after=2024-06-16 07:05:00+00:00
[2024-06-16T07:12:01.388+0000] {processor.py:183} INFO - Processing /opt/airflow/dags/random_api_request_w.py took 1.665 seconds
[2024-06-16T07:12:32.272+0000] {processor.py:161} INFO - Started process (PID=11987) to work on /opt/airflow/dags/random_api_request_w.py
[2024-06-16T07:12:32.274+0000] {processor.py:830} INFO - Processing file /opt/airflow/dags/random_api_request_w.py for tasks to queue
[2024-06-16T07:12:32.277+0000] {logging_mixin.py:188} INFO - [2024-06-16T07:12:32.276+0000] {dagbag.py:545} INFO - Filling up the DagBag from /opt/airflow/dags/random_api_request_w.py
[2024-06-16T07:12:33.626+0000] {processor.py:840} INFO - DAG(s) 'random_api' retrieved from /opt/airflow/dags/random_api_request_w.py
[2024-06-16T07:12:33.742+0000] {logging_mixin.py:188} INFO - [2024-06-16T07:12:33.741+0000] {dag.py:3096} INFO - Sync 1 DAGs
[2024-06-16T07:12:33.812+0000] {logging_mixin.py:188} INFO - [2024-06-16T07:12:33.812+0000] {dag.py:3954} INFO - Setting next_dagrun for random_api to 2024-06-16 06:05:00+00:00, run_after=2024-06-16 07:05:00+00:00
[2024-06-16T07:12:34.006+0000] {processor.py:183} INFO - Processing /opt/airflow/dags/random_api_request_w.py took 1.758 seconds
[2024-06-16T07:13:04.834+0000] {processor.py:161} INFO - Started process (PID=12033) to work on /opt/airflow/dags/random_api_request_w.py
[2024-06-16T07:13:04.835+0000] {processor.py:830} INFO - Processing file /opt/airflow/dags/random_api_request_w.py for tasks to queue
[2024-06-16T07:13:04.836+0000] {logging_mixin.py:188} INFO - [2024-06-16T07:13:04.836+0000] {dagbag.py:545} INFO - Filling up the DagBag from /opt/airflow/dags/random_api_request_w.py
[2024-06-16T07:13:05.921+0000] {processor.py:840} INFO - DAG(s) 'random_api' retrieved from /opt/airflow/dags/random_api_request_w.py
[2024-06-16T07:13:05.957+0000] {logging_mixin.py:188} INFO - [2024-06-16T07:13:05.953+0000] {dag.py:3096} INFO - Sync 1 DAGs
[2024-06-16T07:13:05.988+0000] {logging_mixin.py:188} INFO - [2024-06-16T07:13:05.988+0000] {dag.py:3954} INFO - Setting next_dagrun for random_api to 2024-06-16 06:05:00+00:00, run_after=2024-06-16 07:05:00+00:00
[2024-06-16T07:13:06.058+0000] {processor.py:183} INFO - Processing /opt/airflow/dags/random_api_request_w.py took 1.233 seconds
[2024-06-16T07:13:36.961+0000] {processor.py:161} INFO - Started process (PID=12080) to work on /opt/airflow/dags/random_api_request_w.py
[2024-06-16T07:13:36.962+0000] {processor.py:830} INFO - Processing file /opt/airflow/dags/random_api_request_w.py for tasks to queue
[2024-06-16T07:13:36.965+0000] {logging_mixin.py:188} INFO - [2024-06-16T07:13:36.964+0000] {dagbag.py:545} INFO - Filling up the DagBag from /opt/airflow/dags/random_api_request_w.py
[2024-06-16T07:13:38.627+0000] {processor.py:840} INFO - DAG(s) 'random_api' retrieved from /opt/airflow/dags/random_api_request_w.py
[2024-06-16T07:13:38.693+0000] {logging_mixin.py:188} INFO - [2024-06-16T07:13:38.692+0000] {dag.py:3096} INFO - Sync 1 DAGs
[2024-06-16T07:13:38.771+0000] {logging_mixin.py:188} INFO - [2024-06-16T07:13:38.771+0000] {dag.py:3954} INFO - Setting next_dagrun for random_api to 2024-06-16 06:05:00+00:00, run_after=2024-06-16 07:05:00+00:00
[2024-06-16T07:13:38.900+0000] {processor.py:183} INFO - Processing /opt/airflow/dags/random_api_request_w.py took 1.963 seconds
[2024-06-16T07:14:09.593+0000] {processor.py:161} INFO - Started process (PID=12126) to work on /opt/airflow/dags/random_api_request_w.py
[2024-06-16T07:14:09.594+0000] {processor.py:830} INFO - Processing file /opt/airflow/dags/random_api_request_w.py for tasks to queue
[2024-06-16T07:14:09.597+0000] {logging_mixin.py:188} INFO - [2024-06-16T07:14:09.596+0000] {dagbag.py:545} INFO - Filling up the DagBag from /opt/airflow/dags/random_api_request_w.py
[2024-06-16T07:14:10.820+0000] {processor.py:840} INFO - DAG(s) 'random_api' retrieved from /opt/airflow/dags/random_api_request_w.py
[2024-06-16T07:14:10.863+0000] {logging_mixin.py:188} INFO - [2024-06-16T07:14:10.862+0000] {dag.py:3096} INFO - Sync 1 DAGs
[2024-06-16T07:14:10.898+0000] {logging_mixin.py:188} INFO - [2024-06-16T07:14:10.897+0000] {dag.py:3954} INFO - Setting next_dagrun for random_api to 2024-06-16 06:05:00+00:00, run_after=2024-06-16 07:05:00+00:00
[2024-06-16T07:14:11.782+0000] {processor.py:183} INFO - Processing /opt/airflow/dags/random_api_request_w.py took 2.197 seconds
[2024-06-16T07:14:42.310+0000] {processor.py:161} INFO - Started process (PID=12181) to work on /opt/airflow/dags/random_api_request_w.py
[2024-06-16T07:14:42.311+0000] {processor.py:830} INFO - Processing file /opt/airflow/dags/random_api_request_w.py for tasks to queue
[2024-06-16T07:14:42.313+0000] {logging_mixin.py:188} INFO - [2024-06-16T07:14:42.312+0000] {dagbag.py:545} INFO - Filling up the DagBag from /opt/airflow/dags/random_api_request_w.py
[2024-06-16T07:14:43.507+0000] {processor.py:840} INFO - DAG(s) 'random_api' retrieved from /opt/airflow/dags/random_api_request_w.py
[2024-06-16T07:14:43.539+0000] {logging_mixin.py:188} INFO - [2024-06-16T07:14:43.538+0000] {dag.py:3096} INFO - Sync 1 DAGs
[2024-06-16T07:14:43.572+0000] {logging_mixin.py:188} INFO - [2024-06-16T07:14:43.571+0000] {dag.py:3954} INFO - Setting next_dagrun for random_api to 2024-06-16 06:05:00+00:00, run_after=2024-06-16 07:05:00+00:00
[2024-06-16T07:14:43.862+0000] {processor.py:183} INFO - Processing /opt/airflow/dags/random_api_request_w.py took 1.561 seconds
[2024-06-16T07:15:14.007+0000] {processor.py:161} INFO - Started process (PID=12227) to work on /opt/airflow/dags/random_api_request_w.py
[2024-06-16T07:15:14.008+0000] {processor.py:830} INFO - Processing file /opt/airflow/dags/random_api_request_w.py for tasks to queue
[2024-06-16T07:15:14.009+0000] {logging_mixin.py:188} INFO - [2024-06-16T07:15:14.009+0000] {dagbag.py:545} INFO - Filling up the DagBag from /opt/airflow/dags/random_api_request_w.py
[2024-06-16T07:15:15.042+0000] {processor.py:840} INFO - DAG(s) 'random_api' retrieved from /opt/airflow/dags/random_api_request_w.py
[2024-06-16T07:15:15.077+0000] {logging_mixin.py:188} INFO - [2024-06-16T07:15:15.076+0000] {dag.py:3096} INFO - Sync 1 DAGs
[2024-06-16T07:15:15.112+0000] {logging_mixin.py:188} INFO - [2024-06-16T07:15:15.112+0000] {dag.py:3954} INFO - Setting next_dagrun for random_api to 2024-06-16 06:05:00+00:00, run_after=2024-06-16 07:05:00+00:00
[2024-06-16T07:15:15.363+0000] {processor.py:183} INFO - Processing /opt/airflow/dags/random_api_request_w.py took 1.368 seconds
[2024-06-16T07:15:45.722+0000] {processor.py:161} INFO - Started process (PID=12273) to work on /opt/airflow/dags/random_api_request_w.py
[2024-06-16T07:15:45.724+0000] {processor.py:830} INFO - Processing file /opt/airflow/dags/random_api_request_w.py for tasks to queue
[2024-06-16T07:15:45.726+0000] {logging_mixin.py:188} INFO - [2024-06-16T07:15:45.725+0000] {dagbag.py:545} INFO - Filling up the DagBag from /opt/airflow/dags/random_api_request_w.py
[2024-06-16T07:15:47.075+0000] {processor.py:840} INFO - DAG(s) 'random_api' retrieved from /opt/airflow/dags/random_api_request_w.py
[2024-06-16T07:15:47.123+0000] {logging_mixin.py:188} INFO - [2024-06-16T07:15:47.122+0000] {dag.py:3096} INFO - Sync 1 DAGs
[2024-06-16T07:15:47.236+0000] {logging_mixin.py:188} INFO - [2024-06-16T07:15:47.236+0000] {dag.py:3954} INFO - Setting next_dagrun for random_api to 2024-06-16 06:05:00+00:00, run_after=2024-06-16 07:05:00+00:00
[2024-06-16T07:15:48.069+0000] {processor.py:183} INFO - Processing /opt/airflow/dags/random_api_request_w.py took 2.356 seconds
[2024-06-16T07:16:29.172+0000] {processor.py:161} INFO - Started process (PID=12312) to work on /opt/airflow/dags/random_api_request_w.py
[2024-06-16T07:16:29.174+0000] {processor.py:830} INFO - Processing file /opt/airflow/dags/random_api_request_w.py for tasks to queue
[2024-06-16T07:16:29.176+0000] {logging_mixin.py:188} INFO - [2024-06-16T07:16:29.175+0000] {dagbag.py:545} INFO - Filling up the DagBag from /opt/airflow/dags/random_api_request_w.py
[2024-06-16T07:16:30.589+0000] {processor.py:840} INFO - DAG(s) 'random_api' retrieved from /opt/airflow/dags/random_api_request_w.py
[2024-06-16T07:16:30.629+0000] {logging_mixin.py:188} INFO - [2024-06-16T07:16:30.628+0000] {dag.py:3096} INFO - Sync 1 DAGs
[2024-06-16T07:16:30.675+0000] {logging_mixin.py:188} INFO - [2024-06-16T07:16:30.674+0000] {dag.py:3954} INFO - Setting next_dagrun for random_api to 2024-06-16 06:05:00+00:00, run_after=2024-06-16 07:05:00+00:00
[2024-06-16T07:16:30.755+0000] {processor.py:183} INFO - Processing /opt/airflow/dags/random_api_request_w.py took 1.599 seconds
[2024-06-16T07:17:01.788+0000] {processor.py:161} INFO - Started process (PID=12368) to work on /opt/airflow/dags/random_api_request_w.py
[2024-06-16T07:17:01.789+0000] {processor.py:830} INFO - Processing file /opt/airflow/dags/random_api_request_w.py for tasks to queue
[2024-06-16T07:17:01.791+0000] {logging_mixin.py:188} INFO - [2024-06-16T07:17:01.790+0000] {dagbag.py:545} INFO - Filling up the DagBag from /opt/airflow/dags/random_api_request_w.py
[2024-06-16T07:17:03.737+0000] {processor.py:840} INFO - DAG(s) 'random_api' retrieved from /opt/airflow/dags/random_api_request_w.py
[2024-06-16T07:17:03.768+0000] {logging_mixin.py:188} INFO - [2024-06-16T07:17:03.767+0000] {dag.py:3096} INFO - Sync 1 DAGs
[2024-06-16T07:17:03.833+0000] {logging_mixin.py:188} INFO - [2024-06-16T07:17:03.833+0000] {dag.py:3954} INFO - Setting next_dagrun for random_api to 2024-06-16 06:05:00+00:00, run_after=2024-06-16 07:05:00+00:00
[2024-06-16T07:17:03.976+0000] {processor.py:183} INFO - Processing /opt/airflow/dags/random_api_request_w.py took 2.196 seconds
[2024-06-16T07:17:37.660+0000] {processor.py:161} INFO - Started process (PID=12418) to work on /opt/airflow/dags/random_api_request_w.py
[2024-06-16T07:17:37.662+0000] {processor.py:830} INFO - Processing file /opt/airflow/dags/random_api_request_w.py for tasks to queue
[2024-06-16T07:17:37.663+0000] {logging_mixin.py:188} INFO - [2024-06-16T07:17:37.663+0000] {dagbag.py:545} INFO - Filling up the DagBag from /opt/airflow/dags/random_api_request_w.py
[2024-06-16T07:17:38.805+0000] {processor.py:840} INFO - DAG(s) 'random_api' retrieved from /opt/airflow/dags/random_api_request_w.py
[2024-06-16T07:17:38.835+0000] {logging_mixin.py:188} INFO - [2024-06-16T07:17:38.835+0000] {dag.py:3096} INFO - Sync 1 DAGs
[2024-06-16T07:17:38.865+0000] {logging_mixin.py:188} INFO - [2024-06-16T07:17:38.865+0000] {dag.py:3954} INFO - Setting next_dagrun for random_api to 2024-06-16 06:05:00+00:00, run_after=2024-06-16 07:05:00+00:00
[2024-06-16T07:17:40.304+0000] {processor.py:183} INFO - Processing /opt/airflow/dags/random_api_request_w.py took 2.653 seconds
[2024-06-16T07:18:10.470+0000] {processor.py:161} INFO - Started process (PID=12466) to work on /opt/airflow/dags/random_api_request_w.py
[2024-06-16T07:18:10.474+0000] {processor.py:830} INFO - Processing file /opt/airflow/dags/random_api_request_w.py for tasks to queue
[2024-06-16T07:18:10.477+0000] {logging_mixin.py:188} INFO - [2024-06-16T07:18:10.476+0000] {dagbag.py:545} INFO - Filling up the DagBag from /opt/airflow/dags/random_api_request_w.py
[2024-06-16T07:18:12.016+0000] {processor.py:840} INFO - DAG(s) 'random_api' retrieved from /opt/airflow/dags/random_api_request_w.py
[2024-06-16T07:18:12.048+0000] {logging_mixin.py:188} INFO - [2024-06-16T07:18:12.046+0000] {dag.py:3096} INFO - Sync 1 DAGs
[2024-06-16T07:18:12.093+0000] {logging_mixin.py:188} INFO - [2024-06-16T07:18:12.093+0000] {dag.py:3954} INFO - Setting next_dagrun for random_api to 2024-06-16 06:05:00+00:00, run_after=2024-06-16 07:05:00+00:00
[2024-06-16T07:18:12.662+0000] {processor.py:183} INFO - Processing /opt/airflow/dags/random_api_request_w.py took 2.212 seconds
[2024-06-16T07:18:44.109+0000] {processor.py:161} INFO - Started process (PID=12509) to work on /opt/airflow/dags/random_api_request_w.py
[2024-06-16T07:18:44.111+0000] {processor.py:830} INFO - Processing file /opt/airflow/dags/random_api_request_w.py for tasks to queue
[2024-06-16T07:18:44.113+0000] {logging_mixin.py:188} INFO - [2024-06-16T07:18:44.112+0000] {dagbag.py:545} INFO - Filling up the DagBag from /opt/airflow/dags/random_api_request_w.py
[2024-06-16T07:18:46.211+0000] {processor.py:840} INFO - DAG(s) 'random_api' retrieved from /opt/airflow/dags/random_api_request_w.py
[2024-06-16T07:18:46.241+0000] {logging_mixin.py:188} INFO - [2024-06-16T07:18:46.241+0000] {dag.py:3096} INFO - Sync 1 DAGs
[2024-06-16T07:18:46.280+0000] {logging_mixin.py:188} INFO - [2024-06-16T07:18:46.279+0000] {dag.py:3954} INFO - Setting next_dagrun for random_api to 2024-06-16 06:05:00+00:00, run_after=2024-06-16 07:05:00+00:00
[2024-06-16T07:18:48.003+0000] {processor.py:183} INFO - Processing /opt/airflow/dags/random_api_request_w.py took 3.918 seconds
[2024-06-16T07:19:19.103+0000] {processor.py:161} INFO - Started process (PID=12558) to work on /opt/airflow/dags/random_api_request_w.py
[2024-06-16T07:19:19.105+0000] {processor.py:830} INFO - Processing file /opt/airflow/dags/random_api_request_w.py for tasks to queue
[2024-06-16T07:19:19.107+0000] {logging_mixin.py:188} INFO - [2024-06-16T07:19:19.107+0000] {dagbag.py:545} INFO - Filling up the DagBag from /opt/airflow/dags/random_api_request_w.py
[2024-06-16T07:19:20.883+0000] {processor.py:840} INFO - DAG(s) 'random_api' retrieved from /opt/airflow/dags/random_api_request_w.py
[2024-06-16T07:19:20.915+0000] {logging_mixin.py:188} INFO - [2024-06-16T07:19:20.914+0000] {dag.py:3096} INFO - Sync 1 DAGs
[2024-06-16T07:19:20.947+0000] {logging_mixin.py:188} INFO - [2024-06-16T07:19:20.946+0000] {dag.py:3954} INFO - Setting next_dagrun for random_api to 2024-06-16 06:05:00+00:00, run_after=2024-06-16 07:05:00+00:00
[2024-06-16T07:19:21.560+0000] {processor.py:183} INFO - Processing /opt/airflow/dags/random_api_request_w.py took 2.472 seconds
[2024-06-16T07:19:52.107+0000] {processor.py:161} INFO - Started process (PID=12609) to work on /opt/airflow/dags/random_api_request_w.py
[2024-06-16T07:19:52.109+0000] {processor.py:830} INFO - Processing file /opt/airflow/dags/random_api_request_w.py for tasks to queue
[2024-06-16T07:19:52.111+0000] {logging_mixin.py:188} INFO - [2024-06-16T07:19:52.111+0000] {dagbag.py:545} INFO - Filling up the DagBag from /opt/airflow/dags/random_api_request_w.py
[2024-06-16T07:19:53.153+0000] {processor.py:840} INFO - DAG(s) 'random_api' retrieved from /opt/airflow/dags/random_api_request_w.py
[2024-06-16T07:19:53.184+0000] {logging_mixin.py:188} INFO - [2024-06-16T07:19:53.181+0000] {dag.py:3096} INFO - Sync 1 DAGs
[2024-06-16T07:19:53.217+0000] {logging_mixin.py:188} INFO - [2024-06-16T07:19:53.216+0000] {dag.py:3954} INFO - Setting next_dagrun for random_api to 2024-06-16 06:05:00+00:00, run_after=2024-06-16 07:05:00+00:00
[2024-06-16T07:19:53.832+0000] {processor.py:183} INFO - Processing /opt/airflow/dags/random_api_request_w.py took 1.736 seconds
[2024-06-16T07:20:23.953+0000] {processor.py:161} INFO - Started process (PID=12645) to work on /opt/airflow/dags/random_api_request_w.py
[2024-06-16T07:20:23.954+0000] {processor.py:830} INFO - Processing file /opt/airflow/dags/random_api_request_w.py for tasks to queue
[2024-06-16T07:20:23.956+0000] {logging_mixin.py:188} INFO - [2024-06-16T07:20:23.955+0000] {dagbag.py:545} INFO - Filling up the DagBag from /opt/airflow/dags/random_api_request_w.py
[2024-06-16T07:20:25.116+0000] {processor.py:840} INFO - DAG(s) 'random_api' retrieved from /opt/airflow/dags/random_api_request_w.py
[2024-06-16T07:20:25.162+0000] {logging_mixin.py:188} INFO - [2024-06-16T07:20:25.160+0000] {dag.py:3096} INFO - Sync 1 DAGs
[2024-06-16T07:20:25.202+0000] {logging_mixin.py:188} INFO - [2024-06-16T07:20:25.202+0000] {dag.py:3954} INFO - Setting next_dagrun for random_api to 2024-06-16 06:05:00+00:00, run_after=2024-06-16 07:05:00+00:00
[2024-06-16T07:20:25.490+0000] {processor.py:183} INFO - Processing /opt/airflow/dags/random_api_request_w.py took 1.545 seconds
